<?xml version="1.0" encoding="UTF-8"?>
<testsuite name="rest_api.entities.payment.PaymentIntegrationTest" tests="11" skipped="0" failures="0" errors="0" timestamp="2018-03-16T19:20:21" hostname="aherrington-Precision-5520" time="26.949">
  <properties/>
  <testcase name="givenMerchantDoesNotExist_whenCreatePayment_throwMerchantNotFoundException" classname="rest_api.entities.payment.PaymentIntegrationTest" time="0.084"/>
  <testcase name="givenMerchantDoesNotExist_whenFindByMerchantAndPaymentIds_thenReturnNotFound" classname="rest_api.entities.payment.PaymentIntegrationTest" time="0.074"/>
  <testcase name="givenMerchantAndPaymentExist_whenDeletePayment_succeedInDeletingPayment" classname="rest_api.entities.payment.PaymentIntegrationTest" time="0.142"/>
  <testcase name="givenPaymentDoesNotExist_whenDeletePayment_thenThrowPaymentNotFoundException" classname="rest_api.entities.payment.PaymentIntegrationTest" time="0.078"/>
  <testcase name="givenNoMerchantExists_whenFindAllPaymentsByMerchantId_thenReturnNotFound" classname="rest_api.entities.payment.PaymentIntegrationTest" time="0.101"/>
  <testcase name="givenMerchantExists_whenFindAllPaymentsByMerchantId_thenReturnPayments" classname="rest_api.entities.payment.PaymentIntegrationTest" time="0.103"/>
  <testcase name="givenPaymentDoesNotExist_whenFindByMerchantAndPaymentIds_thenReturnNotFound" classname="rest_api.entities.payment.PaymentIntegrationTest" time="0.077"/>
  <testcase name="givenPaymentAndMerchantExist_whenFindByMerchantAndPaymentIds_thenReturnPayment" classname="rest_api.entities.payment.PaymentIntegrationTest" time="0.188"/>
  <testcase name="givenMerchantExists_whenCreatePayment_thenSaveSuccessfully" classname="rest_api.entities.payment.PaymentIntegrationTest" time="0.11"/>
  <testcase name="givenMerchantExists_whenFindAllPaymentsByMerchantIdAndPagenation_thenReturnPayments" classname="rest_api.entities.payment.PaymentIntegrationTest" time="0.1"/>
  <testcase name="givenMerchantDoesNotExist_whenDeletePayment_thenReturnNotFound" classname="rest_api.entities.payment.PaymentIntegrationTest" time="0.085"/>
  <system-out><![CDATA[
  .   ____          _            __ _ _
 /\\ / ___'_ __ _ _(_)_ __  __ _ \ \ \ \
( ( )\___ | '_ | '_| | '_ \/ _` | \ \ \ \
 \\/  ___)| |_)| | | | | || (_| |  ) ) ) )
  '  |____| .__|_| |_|_| |_\__, | / / / /
 =========|_|==============|___/=/_/_/_/
 :: Spring Boot ::       (v1.5.10.RELEASE)

2018-03-16 14:20:19 [Test worker] WARN  o.s.b.t.j.DuplicateJsonObjectContextCustomizerFactory$DuplicateJsonObjectContextCustomizer - 

Found multiple occurrences of org.json.JSONObject on the class path:

	jar:file:/home/aherrington/.gradle/caches/modules-2/files-2.1/org.json/json/20160212/a742e3f85161835b95877478c5dd5b405cefaab9/json-20160212.jar!/org/json/JSONObject.class
	jar:file:/home/aherrington/.gradle/caches/modules-2/files-2.1/com.vaadin.external.google/android-json/0.0.20131108.vaadin1/fa26d351fe62a6a17f5cda1287c1c6110dec413f/android-json-0.0.20131108.vaadin1.jar!/org/json/JSONObject.class

You may wish to exclude one of them to ensure predictable runtime behavior

2018-03-16 14:20:19 [localhost-startStop-1] INFO  o.s.web.context.ContextLoader - Root WebApplicationContext: initialization completed in 335 ms
2018-03-16 14:20:21 [Test worker] INFO  o.s.w.s.m.m.a.RequestMappingHandlerMapping - Mapped "{[/v1/merchant/{id}],methods=[PUT]}" onto public org.springframework.hateoas.Resource<rest_api.entities.merchant.MerchantDto> rest_api.entities.merchant.MerchantController.update(long,rest_api.entities.merchant.Merchant) throws rest_api.entities.merchant.MerchantNotFoundException
2018-03-16 14:20:21 [Test worker] INFO  o.s.w.s.m.m.a.RequestMappingHandlerMapping - Mapped "{[/v1/merchant],methods=[GET]}" onto public rest_api.entities.merchant.MerchantDtoResources rest_api.entities.merchant.MerchantController.find(org.springframework.data.domain.Pageable) throws rest_api.security.UnauthorizedAccessException
2018-03-16 14:20:21 [Test worker] INFO  o.s.w.s.m.m.a.RequestMappingHandlerMapping - Mapped "{[/v1/merchant/{id}],methods=[GET],produces=[application/json || application/xml]}" onto public org.springframework.hateoas.Resource<rest_api.entities.merchant.MerchantDto> rest_api.entities.merchant.MerchantController.find(long) throws rest_api.entities.merchant.MerchantNotFoundException
2018-03-16 14:20:21 [Test worker] INFO  o.s.w.s.m.m.a.RequestMappingHandlerMapping - Mapped "{[/v1/merchant/{id}],methods=[DELETE]}" onto public org.springframework.http.ResponseEntity rest_api.entities.merchant.MerchantController.delete(long) throws rest_api.entities.merchant.MerchantNotFoundException
2018-03-16 14:20:21 [Test worker] INFO  o.s.w.s.m.m.a.RequestMappingHandlerMapping - Mapped "{[/v1/merchant],methods=[POST]}" onto public org.springframework.hateoas.Resource<rest_api.entities.merchant.MerchantDto> rest_api.entities.merchant.MerchantController.create(rest_api.entities.merchant.Merchant) throws rest_api.security.UnauthorizedAccessException
2018-03-16 14:20:21 [Test worker] INFO  o.s.w.s.m.m.a.RequestMappingHandlerMapping - Mapped "{[/v1/merchant/{merchantId}/payment/{paymentId}],methods=[GET]}" onto public org.springframework.hateoas.Resource<rest_api.entities.payment.PaymentDto> rest_api.entities.payment.PaymentController.find(long,long) throws rest_api.entities.merchant.MerchantNotFoundException,rest_api.entities.payment.PaymentNotFoundException,rest_api.security.UnauthorizedAccessException
2018-03-16 14:20:21 [Test worker] INFO  o.s.w.s.m.m.a.RequestMappingHandlerMapping - Mapped "{[/v1/merchant/{merchantId}/payment],methods=[GET]}" onto public rest_api.entities.payment.PaymentDtoResources rest_api.entities.payment.PaymentController.find(long,org.springframework.data.domain.Pageable) throws rest_api.entities.merchant.MerchantNotFoundException,rest_api.security.UnauthorizedAccessException
2018-03-16 14:20:21 [Test worker] INFO  o.s.w.s.m.m.a.RequestMappingHandlerMapping - Mapped "{[/v1/merchant/{merchantId}/payment/{paymentId}],methods=[DELETE]}" onto public org.springframework.http.ResponseEntity rest_api.entities.payment.PaymentController.delete(long,long) throws rest_api.entities.merchant.MerchantNotFoundException,rest_api.entities.payment.PaymentNotFoundException
2018-03-16 14:20:21 [Test worker] INFO  o.s.w.s.m.m.a.RequestMappingHandlerMapping - Mapped "{[/v1/merchant/{merchantId}/payment],methods=[POST]}" onto public org.springframework.hateoas.Resource<rest_api.entities.payment.PaymentDto> rest_api.entities.payment.PaymentController.create(long,rest_api.entities.payment.PaymentDto) throws rest_api.entities.merchant.MerchantNotFoundException,rest_api.security.UnauthorizedAccessException
2018-03-16 14:20:21 [Test worker] INFO  o.s.w.s.m.m.a.RequestMappingHandlerMapping - Mapped "{[/user/create],methods=[POST]}" onto public rest_api.entities.user.UserDto rest_api.entities.user.UserController.createNewUser(rest_api.entities.user.UserDto) throws rest_api.entities.user.UserExistsException
2018-03-16 14:20:21 [Test worker] INFO  o.s.w.s.m.m.a.RequestMappingHandlerMapping - Mapped "{[/user/token],methods=[GET]}" onto public rest_api.security.oauth.JwtToken rest_api.entities.user.UserController.getJwtToken(java.lang.String,java.lang.String) throws rest_api.security.UnauthorizedAccessException
2018-03-16 14:20:21 [Test worker] INFO  o.s.w.s.m.m.a.RequestMappingHandlerMapping - Mapped "{[/error],produces=[text/html]}" onto public org.springframework.web.servlet.ModelAndView org.springframework.boot.autoconfigure.web.BasicErrorController.errorHtml(javax.servlet.http.HttpServletRequest,javax.servlet.http.HttpServletResponse)
2018-03-16 14:20:21 [Test worker] INFO  o.s.w.s.m.m.a.RequestMappingHandlerMapping - Mapped "{[/error]}" onto public org.springframework.http.ResponseEntity<java.util.Map<java.lang.String, java.lang.Object>> org.springframework.boot.autoconfigure.web.BasicErrorController.error(javax.servlet.http.HttpServletRequest)
2018-03-16 14:20:21 [Test worker] INFO  o.s.w.s.m.m.a.RequestMappingHandlerAdapter - Looking for @ControllerAdvice: org.springframework.boot.context.embedded.AnnotationConfigEmbeddedWebApplicationContext@6d2e9e12: startup date [Fri Mar 16 14:20:19 CDT 2018]; root of context hierarchy
2018-03-16 14:20:21 [Test worker] INFO  o.s.w.s.m.m.a.ExceptionHandlerExceptionResolver - Detected @ExceptionHandler methods in controllerExceptionHandler
2018-03-16 14:20:21 [Test worker] ERROR exceptions-log - rest_api.entities.merchant.MerchantNotFoundException

  .   ____          _            __ _ _
 /\\ / ___'_ __ _ _(_)_ __  __ _ \ \ \ \
( ( )\___ | '_ | '_| | '_ \/ _` | \ \ \ \
 \\/  ___)| |_)| | | | | || (_| |  ) ) ) )
  '  |____| .__|_| |_|_| |_\__, | / / / /
 =========|_|==============|___/=/_/_/_/
 :: Spring Boot ::       (v1.5.10.RELEASE)

2018-03-16 14:20:21 [Test worker] WARN  o.s.b.t.j.DuplicateJsonObjectContextCustomizerFactory$DuplicateJsonObjectContextCustomizer - 

Found multiple occurrences of org.json.JSONObject on the class path:

	jar:file:/home/aherrington/.gradle/caches/modules-2/files-2.1/org.json/json/20160212/a742e3f85161835b95877478c5dd5b405cefaab9/json-20160212.jar!/org/json/JSONObject.class
	jar:file:/home/aherrington/.gradle/caches/modules-2/files-2.1/com.vaadin.external.google/android-json/0.0.20131108.vaadin1/fa26d351fe62a6a17f5cda1287c1c6110dec413f/android-json-0.0.20131108.vaadin1.jar!/org/json/JSONObject.class

You may wish to exclude one of them to ensure predictable runtime behavior

2018-03-16 14:20:22 [localhost-startStop-1] INFO  o.s.web.context.ContextLoader - Root WebApplicationContext: initialization completed in 273 ms
2018-03-16 14:20:23 [Test worker] INFO  o.s.w.s.m.m.a.RequestMappingHandlerMapping - Mapped "{[/v1/merchant/{id}],methods=[PUT]}" onto public org.springframework.hateoas.Resource<rest_api.entities.merchant.MerchantDto> rest_api.entities.merchant.MerchantController.update(long,rest_api.entities.merchant.Merchant) throws rest_api.entities.merchant.MerchantNotFoundException
2018-03-16 14:20:23 [Test worker] INFO  o.s.w.s.m.m.a.RequestMappingHandlerMapping - Mapped "{[/v1/merchant],methods=[GET]}" onto public rest_api.entities.merchant.MerchantDtoResources rest_api.entities.merchant.MerchantController.find(org.springframework.data.domain.Pageable) throws rest_api.security.UnauthorizedAccessException
2018-03-16 14:20:23 [Test worker] INFO  o.s.w.s.m.m.a.RequestMappingHandlerMapping - Mapped "{[/v1/merchant/{id}],methods=[GET],produces=[application/json || application/xml]}" onto public org.springframework.hateoas.Resource<rest_api.entities.merchant.MerchantDto> rest_api.entities.merchant.MerchantController.find(long) throws rest_api.entities.merchant.MerchantNotFoundException
2018-03-16 14:20:23 [Test worker] INFO  o.s.w.s.m.m.a.RequestMappingHandlerMapping - Mapped "{[/v1/merchant/{id}],methods=[DELETE]}" onto public org.springframework.http.ResponseEntity rest_api.entities.merchant.MerchantController.delete(long) throws rest_api.entities.merchant.MerchantNotFoundException
2018-03-16 14:20:23 [Test worker] INFO  o.s.w.s.m.m.a.RequestMappingHandlerMapping - Mapped "{[/v1/merchant],methods=[POST]}" onto public org.springframework.hateoas.Resource<rest_api.entities.merchant.MerchantDto> rest_api.entities.merchant.MerchantController.create(rest_api.entities.merchant.Merchant) throws rest_api.security.UnauthorizedAccessException
2018-03-16 14:20:23 [Test worker] INFO  o.s.w.s.m.m.a.RequestMappingHandlerMapping - Mapped "{[/v1/merchant/{merchantId}/payment/{paymentId}],methods=[GET]}" onto public org.springframework.hateoas.Resource<rest_api.entities.payment.PaymentDto> rest_api.entities.payment.PaymentController.find(long,long) throws rest_api.entities.merchant.MerchantNotFoundException,rest_api.entities.payment.PaymentNotFoundException,rest_api.security.UnauthorizedAccessException
2018-03-16 14:20:23 [Test worker] INFO  o.s.w.s.m.m.a.RequestMappingHandlerMapping - Mapped "{[/v1/merchant/{merchantId}/payment],methods=[GET]}" onto public rest_api.entities.payment.PaymentDtoResources rest_api.entities.payment.PaymentController.find(long,org.springframework.data.domain.Pageable) throws rest_api.entities.merchant.MerchantNotFoundException,rest_api.security.UnauthorizedAccessException
2018-03-16 14:20:23 [Test worker] INFO  o.s.w.s.m.m.a.RequestMappingHandlerMapping - Mapped "{[/v1/merchant/{merchantId}/payment/{paymentId}],methods=[DELETE]}" onto public org.springframework.http.ResponseEntity rest_api.entities.payment.PaymentController.delete(long,long) throws rest_api.entities.merchant.MerchantNotFoundException,rest_api.entities.payment.PaymentNotFoundException
2018-03-16 14:20:23 [Test worker] INFO  o.s.w.s.m.m.a.RequestMappingHandlerMapping - Mapped "{[/v1/merchant/{merchantId}/payment],methods=[POST]}" onto public org.springframework.hateoas.Resource<rest_api.entities.payment.PaymentDto> rest_api.entities.payment.PaymentController.create(long,rest_api.entities.payment.PaymentDto) throws rest_api.entities.merchant.MerchantNotFoundException,rest_api.security.UnauthorizedAccessException
2018-03-16 14:20:23 [Test worker] INFO  o.s.w.s.m.m.a.RequestMappingHandlerMapping - Mapped "{[/user/create],methods=[POST]}" onto public rest_api.entities.user.UserDto rest_api.entities.user.UserController.createNewUser(rest_api.entities.user.UserDto) throws rest_api.entities.user.UserExistsException
2018-03-16 14:20:23 [Test worker] INFO  o.s.w.s.m.m.a.RequestMappingHandlerMapping - Mapped "{[/user/token],methods=[GET]}" onto public rest_api.security.oauth.JwtToken rest_api.entities.user.UserController.getJwtToken(java.lang.String,java.lang.String) throws rest_api.security.UnauthorizedAccessException
2018-03-16 14:20:23 [Test worker] INFO  o.s.w.s.m.m.a.RequestMappingHandlerMapping - Mapped "{[/error],produces=[text/html]}" onto public org.springframework.web.servlet.ModelAndView org.springframework.boot.autoconfigure.web.BasicErrorController.errorHtml(javax.servlet.http.HttpServletRequest,javax.servlet.http.HttpServletResponse)
2018-03-16 14:20:23 [Test worker] INFO  o.s.w.s.m.m.a.RequestMappingHandlerMapping - Mapped "{[/error]}" onto public org.springframework.http.ResponseEntity<java.util.Map<java.lang.String, java.lang.Object>> org.springframework.boot.autoconfigure.web.BasicErrorController.error(javax.servlet.http.HttpServletRequest)
2018-03-16 14:20:23 [Test worker] INFO  o.s.w.s.m.m.a.RequestMappingHandlerAdapter - Looking for @ControllerAdvice: org.springframework.boot.context.embedded.AnnotationConfigEmbeddedWebApplicationContext@6646b1f0: startup date [Fri Mar 16 14:20:21 CDT 2018]; root of context hierarchy
2018-03-16 14:20:23 [Test worker] INFO  o.s.w.s.m.m.a.ExceptionHandlerExceptionResolver - Detected @ExceptionHandler methods in controllerExceptionHandler
2018-03-16 14:20:24 [Test worker] ERROR exceptions-log - rest_api.entities.merchant.MerchantNotFoundException

  .   ____          _            __ _ _
 /\\ / ___'_ __ _ _(_)_ __  __ _ \ \ \ \
( ( )\___ | '_ | '_| | '_ \/ _` | \ \ \ \
 \\/  ___)| |_)| | | | | || (_| |  ) ) ) )
  '  |____| .__|_| |_|_| |_\__, | / / / /
 =========|_|==============|___/=/_/_/_/
 :: Spring Boot ::       (v1.5.10.RELEASE)

2018-03-16 14:20:24 [Test worker] WARN  o.s.b.t.j.DuplicateJsonObjectContextCustomizerFactory$DuplicateJsonObjectContextCustomizer - 

Found multiple occurrences of org.json.JSONObject on the class path:

	jar:file:/home/aherrington/.gradle/caches/modules-2/files-2.1/org.json/json/20160212/a742e3f85161835b95877478c5dd5b405cefaab9/json-20160212.jar!/org/json/JSONObject.class
	jar:file:/home/aherrington/.gradle/caches/modules-2/files-2.1/com.vaadin.external.google/android-json/0.0.20131108.vaadin1/fa26d351fe62a6a17f5cda1287c1c6110dec413f/android-json-0.0.20131108.vaadin1.jar!/org/json/JSONObject.class

You may wish to exclude one of them to ensure predictable runtime behavior

2018-03-16 14:20:24 [localhost-startStop-1] INFO  o.s.web.context.ContextLoader - Root WebApplicationContext: initialization completed in 245 ms
2018-03-16 14:20:26 [Test worker] INFO  o.s.w.s.m.m.a.RequestMappingHandlerMapping - Mapped "{[/v1/merchant/{id}],methods=[PUT]}" onto public org.springframework.hateoas.Resource<rest_api.entities.merchant.MerchantDto> rest_api.entities.merchant.MerchantController.update(long,rest_api.entities.merchant.Merchant) throws rest_api.entities.merchant.MerchantNotFoundException
2018-03-16 14:20:26 [Test worker] INFO  o.s.w.s.m.m.a.RequestMappingHandlerMapping - Mapped "{[/v1/merchant],methods=[GET]}" onto public rest_api.entities.merchant.MerchantDtoResources rest_api.entities.merchant.MerchantController.find(org.springframework.data.domain.Pageable) throws rest_api.security.UnauthorizedAccessException
2018-03-16 14:20:26 [Test worker] INFO  o.s.w.s.m.m.a.RequestMappingHandlerMapping - Mapped "{[/v1/merchant/{id}],methods=[GET],produces=[application/json || application/xml]}" onto public org.springframework.hateoas.Resource<rest_api.entities.merchant.MerchantDto> rest_api.entities.merchant.MerchantController.find(long) throws rest_api.entities.merchant.MerchantNotFoundException
2018-03-16 14:20:26 [Test worker] INFO  o.s.w.s.m.m.a.RequestMappingHandlerMapping - Mapped "{[/v1/merchant/{id}],methods=[DELETE]}" onto public org.springframework.http.ResponseEntity rest_api.entities.merchant.MerchantController.delete(long) throws rest_api.entities.merchant.MerchantNotFoundException
2018-03-16 14:20:26 [Test worker] INFO  o.s.w.s.m.m.a.RequestMappingHandlerMapping - Mapped "{[/v1/merchant],methods=[POST]}" onto public org.springframework.hateoas.Resource<rest_api.entities.merchant.MerchantDto> rest_api.entities.merchant.MerchantController.create(rest_api.entities.merchant.Merchant) throws rest_api.security.UnauthorizedAccessException
2018-03-16 14:20:26 [Test worker] INFO  o.s.w.s.m.m.a.RequestMappingHandlerMapping - Mapped "{[/v1/merchant/{merchantId}/payment/{paymentId}],methods=[GET]}" onto public org.springframework.hateoas.Resource<rest_api.entities.payment.PaymentDto> rest_api.entities.payment.PaymentController.find(long,long) throws rest_api.entities.merchant.MerchantNotFoundException,rest_api.entities.payment.PaymentNotFoundException,rest_api.security.UnauthorizedAccessException
2018-03-16 14:20:26 [Test worker] INFO  o.s.w.s.m.m.a.RequestMappingHandlerMapping - Mapped "{[/v1/merchant/{merchantId}/payment],methods=[GET]}" onto public rest_api.entities.payment.PaymentDtoResources rest_api.entities.payment.PaymentController.find(long,org.springframework.data.domain.Pageable) throws rest_api.entities.merchant.MerchantNotFoundException,rest_api.security.UnauthorizedAccessException
2018-03-16 14:20:26 [Test worker] INFO  o.s.w.s.m.m.a.RequestMappingHandlerMapping - Mapped "{[/v1/merchant/{merchantId}/payment/{paymentId}],methods=[DELETE]}" onto public org.springframework.http.ResponseEntity rest_api.entities.payment.PaymentController.delete(long,long) throws rest_api.entities.merchant.MerchantNotFoundException,rest_api.entities.payment.PaymentNotFoundException
2018-03-16 14:20:26 [Test worker] INFO  o.s.w.s.m.m.a.RequestMappingHandlerMapping - Mapped "{[/v1/merchant/{merchantId}/payment],methods=[POST]}" onto public org.springframework.hateoas.Resource<rest_api.entities.payment.PaymentDto> rest_api.entities.payment.PaymentController.create(long,rest_api.entities.payment.PaymentDto) throws rest_api.entities.merchant.MerchantNotFoundException,rest_api.security.UnauthorizedAccessException
2018-03-16 14:20:26 [Test worker] INFO  o.s.w.s.m.m.a.RequestMappingHandlerMapping - Mapped "{[/user/create],methods=[POST]}" onto public rest_api.entities.user.UserDto rest_api.entities.user.UserController.createNewUser(rest_api.entities.user.UserDto) throws rest_api.entities.user.UserExistsException
2018-03-16 14:20:26 [Test worker] INFO  o.s.w.s.m.m.a.RequestMappingHandlerMapping - Mapped "{[/user/token],methods=[GET]}" onto public rest_api.security.oauth.JwtToken rest_api.entities.user.UserController.getJwtToken(java.lang.String,java.lang.String) throws rest_api.security.UnauthorizedAccessException
2018-03-16 14:20:26 [Test worker] INFO  o.s.w.s.m.m.a.RequestMappingHandlerMapping - Mapped "{[/error],produces=[text/html]}" onto public org.springframework.web.servlet.ModelAndView org.springframework.boot.autoconfigure.web.BasicErrorController.errorHtml(javax.servlet.http.HttpServletRequest,javax.servlet.http.HttpServletResponse)
2018-03-16 14:20:26 [Test worker] INFO  o.s.w.s.m.m.a.RequestMappingHandlerMapping - Mapped "{[/error]}" onto public org.springframework.http.ResponseEntity<java.util.Map<java.lang.String, java.lang.Object>> org.springframework.boot.autoconfigure.web.BasicErrorController.error(javax.servlet.http.HttpServletRequest)
2018-03-16 14:20:26 [Test worker] INFO  o.s.w.s.m.m.a.RequestMappingHandlerAdapter - Looking for @ControllerAdvice: org.springframework.boot.context.embedded.AnnotationConfigEmbeddedWebApplicationContext@210df9a1: startup date [Fri Mar 16 14:20:24 CDT 2018]; root of context hierarchy
2018-03-16 14:20:26 [Test worker] INFO  o.s.w.s.m.m.a.ExceptionHandlerExceptionResolver - Detected @ExceptionHandler methods in controllerExceptionHandler

  .   ____          _            __ _ _
 /\\ / ___'_ __ _ _(_)_ __  __ _ \ \ \ \
( ( )\___ | '_ | '_| | '_ \/ _` | \ \ \ \
 \\/  ___)| |_)| | | | | || (_| |  ) ) ) )
  '  |____| .__|_| |_|_| |_\__, | / / / /
 =========|_|==============|___/=/_/_/_/
 :: Spring Boot ::       (v1.5.10.RELEASE)

2018-03-16 14:20:26 [Test worker] WARN  o.s.b.t.j.DuplicateJsonObjectContextCustomizerFactory$DuplicateJsonObjectContextCustomizer - 

Found multiple occurrences of org.json.JSONObject on the class path:

	jar:file:/home/aherrington/.gradle/caches/modules-2/files-2.1/org.json/json/20160212/a742e3f85161835b95877478c5dd5b405cefaab9/json-20160212.jar!/org/json/JSONObject.class
	jar:file:/home/aherrington/.gradle/caches/modules-2/files-2.1/com.vaadin.external.google/android-json/0.0.20131108.vaadin1/fa26d351fe62a6a17f5cda1287c1c6110dec413f/android-json-0.0.20131108.vaadin1.jar!/org/json/JSONObject.class

You may wish to exclude one of them to ensure predictable runtime behavior

2018-03-16 14:20:27 [localhost-startStop-1] INFO  o.s.web.context.ContextLoader - Root WebApplicationContext: initialization completed in 331 ms
2018-03-16 14:20:28 [Test worker] INFO  o.s.w.s.m.m.a.RequestMappingHandlerMapping - Mapped "{[/v1/merchant/{id}],methods=[PUT]}" onto public org.springframework.hateoas.Resource<rest_api.entities.merchant.MerchantDto> rest_api.entities.merchant.MerchantController.update(long,rest_api.entities.merchant.Merchant) throws rest_api.entities.merchant.MerchantNotFoundException
2018-03-16 14:20:28 [Test worker] INFO  o.s.w.s.m.m.a.RequestMappingHandlerMapping - Mapped "{[/v1/merchant],methods=[GET]}" onto public rest_api.entities.merchant.MerchantDtoResources rest_api.entities.merchant.MerchantController.find(org.springframework.data.domain.Pageable) throws rest_api.security.UnauthorizedAccessException
2018-03-16 14:20:28 [Test worker] INFO  o.s.w.s.m.m.a.RequestMappingHandlerMapping - Mapped "{[/v1/merchant/{id}],methods=[GET],produces=[application/json || application/xml]}" onto public org.springframework.hateoas.Resource<rest_api.entities.merchant.MerchantDto> rest_api.entities.merchant.MerchantController.find(long) throws rest_api.entities.merchant.MerchantNotFoundException
2018-03-16 14:20:28 [Test worker] INFO  o.s.w.s.m.m.a.RequestMappingHandlerMapping - Mapped "{[/v1/merchant/{id}],methods=[DELETE]}" onto public org.springframework.http.ResponseEntity rest_api.entities.merchant.MerchantController.delete(long) throws rest_api.entities.merchant.MerchantNotFoundException
2018-03-16 14:20:28 [Test worker] INFO  o.s.w.s.m.m.a.RequestMappingHandlerMapping - Mapped "{[/v1/merchant],methods=[POST]}" onto public org.springframework.hateoas.Resource<rest_api.entities.merchant.MerchantDto> rest_api.entities.merchant.MerchantController.create(rest_api.entities.merchant.Merchant) throws rest_api.security.UnauthorizedAccessException
2018-03-16 14:20:28 [Test worker] INFO  o.s.w.s.m.m.a.RequestMappingHandlerMapping - Mapped "{[/v1/merchant/{merchantId}/payment/{paymentId}],methods=[GET]}" onto public org.springframework.hateoas.Resource<rest_api.entities.payment.PaymentDto> rest_api.entities.payment.PaymentController.find(long,long) throws rest_api.entities.merchant.MerchantNotFoundException,rest_api.entities.payment.PaymentNotFoundException,rest_api.security.UnauthorizedAccessException
2018-03-16 14:20:28 [Test worker] INFO  o.s.w.s.m.m.a.RequestMappingHandlerMapping - Mapped "{[/v1/merchant/{merchantId}/payment],methods=[GET]}" onto public rest_api.entities.payment.PaymentDtoResources rest_api.entities.payment.PaymentController.find(long,org.springframework.data.domain.Pageable) throws rest_api.entities.merchant.MerchantNotFoundException,rest_api.security.UnauthorizedAccessException
2018-03-16 14:20:28 [Test worker] INFO  o.s.w.s.m.m.a.RequestMappingHandlerMapping - Mapped "{[/v1/merchant/{merchantId}/payment/{paymentId}],methods=[DELETE]}" onto public org.springframework.http.ResponseEntity rest_api.entities.payment.PaymentController.delete(long,long) throws rest_api.entities.merchant.MerchantNotFoundException,rest_api.entities.payment.PaymentNotFoundException
2018-03-16 14:20:28 [Test worker] INFO  o.s.w.s.m.m.a.RequestMappingHandlerMapping - Mapped "{[/v1/merchant/{merchantId}/payment],methods=[POST]}" onto public org.springframework.hateoas.Resource<rest_api.entities.payment.PaymentDto> rest_api.entities.payment.PaymentController.create(long,rest_api.entities.payment.PaymentDto) throws rest_api.entities.merchant.MerchantNotFoundException,rest_api.security.UnauthorizedAccessException
2018-03-16 14:20:28 [Test worker] INFO  o.s.w.s.m.m.a.RequestMappingHandlerMapping - Mapped "{[/user/create],methods=[POST]}" onto public rest_api.entities.user.UserDto rest_api.entities.user.UserController.createNewUser(rest_api.entities.user.UserDto) throws rest_api.entities.user.UserExistsException
2018-03-16 14:20:28 [Test worker] INFO  o.s.w.s.m.m.a.RequestMappingHandlerMapping - Mapped "{[/user/token],methods=[GET]}" onto public rest_api.security.oauth.JwtToken rest_api.entities.user.UserController.getJwtToken(java.lang.String,java.lang.String) throws rest_api.security.UnauthorizedAccessException
2018-03-16 14:20:28 [Test worker] INFO  o.s.w.s.m.m.a.RequestMappingHandlerMapping - Mapped "{[/error],produces=[text/html]}" onto public org.springframework.web.servlet.ModelAndView org.springframework.boot.autoconfigure.web.BasicErrorController.errorHtml(javax.servlet.http.HttpServletRequest,javax.servlet.http.HttpServletResponse)
2018-03-16 14:20:28 [Test worker] INFO  o.s.w.s.m.m.a.RequestMappingHandlerMapping - Mapped "{[/error]}" onto public org.springframework.http.ResponseEntity<java.util.Map<java.lang.String, java.lang.Object>> org.springframework.boot.autoconfigure.web.BasicErrorController.error(javax.servlet.http.HttpServletRequest)
2018-03-16 14:20:29 [Test worker] INFO  o.s.w.s.m.m.a.RequestMappingHandlerAdapter - Looking for @ControllerAdvice: org.springframework.boot.context.embedded.AnnotationConfigEmbeddedWebApplicationContext@1fe47be0: startup date [Fri Mar 16 14:20:26 CDT 2018]; root of context hierarchy
2018-03-16 14:20:29 [Test worker] INFO  o.s.w.s.m.m.a.ExceptionHandlerExceptionResolver - Detected @ExceptionHandler methods in controllerExceptionHandler
2018-03-16 14:20:29 [Test worker] ERROR exceptions-log - rest_api.entities.payment.PaymentNotFoundException

  .   ____          _            __ _ _
 /\\ / ___'_ __ _ _(_)_ __  __ _ \ \ \ \
( ( )\___ | '_ | '_| | '_ \/ _` | \ \ \ \
 \\/  ___)| |_)| | | | | || (_| |  ) ) ) )
  '  |____| .__|_| |_|_| |_\__, | / / / /
 =========|_|==============|___/=/_/_/_/
 :: Spring Boot ::       (v1.5.10.RELEASE)

2018-03-16 14:20:29 [Test worker] WARN  o.s.b.t.j.DuplicateJsonObjectContextCustomizerFactory$DuplicateJsonObjectContextCustomizer - 

Found multiple occurrences of org.json.JSONObject on the class path:

	jar:file:/home/aherrington/.gradle/caches/modules-2/files-2.1/org.json/json/20160212/a742e3f85161835b95877478c5dd5b405cefaab9/json-20160212.jar!/org/json/JSONObject.class
	jar:file:/home/aherrington/.gradle/caches/modules-2/files-2.1/com.vaadin.external.google/android-json/0.0.20131108.vaadin1/fa26d351fe62a6a17f5cda1287c1c6110dec413f/android-json-0.0.20131108.vaadin1.jar!/org/json/JSONObject.class

You may wish to exclude one of them to ensure predictable runtime behavior

2018-03-16 14:20:29 [localhost-startStop-1] INFO  o.s.web.context.ContextLoader - Root WebApplicationContext: initialization completed in 271 ms
2018-03-16 14:20:31 [Test worker] INFO  o.s.w.s.m.m.a.RequestMappingHandlerMapping - Mapped "{[/v1/merchant/{id}],methods=[PUT]}" onto public org.springframework.hateoas.Resource<rest_api.entities.merchant.MerchantDto> rest_api.entities.merchant.MerchantController.update(long,rest_api.entities.merchant.Merchant) throws rest_api.entities.merchant.MerchantNotFoundException
2018-03-16 14:20:31 [Test worker] INFO  o.s.w.s.m.m.a.RequestMappingHandlerMapping - Mapped "{[/v1/merchant],methods=[GET]}" onto public rest_api.entities.merchant.MerchantDtoResources rest_api.entities.merchant.MerchantController.find(org.springframework.data.domain.Pageable) throws rest_api.security.UnauthorizedAccessException
2018-03-16 14:20:31 [Test worker] INFO  o.s.w.s.m.m.a.RequestMappingHandlerMapping - Mapped "{[/v1/merchant/{id}],methods=[GET],produces=[application/json || application/xml]}" onto public org.springframework.hateoas.Resource<rest_api.entities.merchant.MerchantDto> rest_api.entities.merchant.MerchantController.find(long) throws rest_api.entities.merchant.MerchantNotFoundException
2018-03-16 14:20:31 [Test worker] INFO  o.s.w.s.m.m.a.RequestMappingHandlerMapping - Mapped "{[/v1/merchant/{id}],methods=[DELETE]}" onto public org.springframework.http.ResponseEntity rest_api.entities.merchant.MerchantController.delete(long) throws rest_api.entities.merchant.MerchantNotFoundException
2018-03-16 14:20:31 [Test worker] INFO  o.s.w.s.m.m.a.RequestMappingHandlerMapping - Mapped "{[/v1/merchant],methods=[POST]}" onto public org.springframework.hateoas.Resource<rest_api.entities.merchant.MerchantDto> rest_api.entities.merchant.MerchantController.create(rest_api.entities.merchant.Merchant) throws rest_api.security.UnauthorizedAccessException
2018-03-16 14:20:31 [Test worker] INFO  o.s.w.s.m.m.a.RequestMappingHandlerMapping - Mapped "{[/v1/merchant/{merchantId}/payment/{paymentId}],methods=[GET]}" onto public org.springframework.hateoas.Resource<rest_api.entities.payment.PaymentDto> rest_api.entities.payment.PaymentController.find(long,long) throws rest_api.entities.merchant.MerchantNotFoundException,rest_api.entities.payment.PaymentNotFoundException,rest_api.security.UnauthorizedAccessException
2018-03-16 14:20:31 [Test worker] INFO  o.s.w.s.m.m.a.RequestMappingHandlerMapping - Mapped "{[/v1/merchant/{merchantId}/payment],methods=[GET]}" onto public rest_api.entities.payment.PaymentDtoResources rest_api.entities.payment.PaymentController.find(long,org.springframework.data.domain.Pageable) throws rest_api.entities.merchant.MerchantNotFoundException,rest_api.security.UnauthorizedAccessException
2018-03-16 14:20:31 [Test worker] INFO  o.s.w.s.m.m.a.RequestMappingHandlerMapping - Mapped "{[/v1/merchant/{merchantId}/payment/{paymentId}],methods=[DELETE]}" onto public org.springframework.http.ResponseEntity rest_api.entities.payment.PaymentController.delete(long,long) throws rest_api.entities.merchant.MerchantNotFoundException,rest_api.entities.payment.PaymentNotFoundException
2018-03-16 14:20:31 [Test worker] INFO  o.s.w.s.m.m.a.RequestMappingHandlerMapping - Mapped "{[/v1/merchant/{merchantId}/payment],methods=[POST]}" onto public org.springframework.hateoas.Resource<rest_api.entities.payment.PaymentDto> rest_api.entities.payment.PaymentController.create(long,rest_api.entities.payment.PaymentDto) throws rest_api.entities.merchant.MerchantNotFoundException,rest_api.security.UnauthorizedAccessException
2018-03-16 14:20:31 [Test worker] INFO  o.s.w.s.m.m.a.RequestMappingHandlerMapping - Mapped "{[/user/create],methods=[POST]}" onto public rest_api.entities.user.UserDto rest_api.entities.user.UserController.createNewUser(rest_api.entities.user.UserDto) throws rest_api.entities.user.UserExistsException
2018-03-16 14:20:31 [Test worker] INFO  o.s.w.s.m.m.a.RequestMappingHandlerMapping - Mapped "{[/user/token],methods=[GET]}" onto public rest_api.security.oauth.JwtToken rest_api.entities.user.UserController.getJwtToken(java.lang.String,java.lang.String) throws rest_api.security.UnauthorizedAccessException
2018-03-16 14:20:31 [Test worker] INFO  o.s.w.s.m.m.a.RequestMappingHandlerMapping - Mapped "{[/error],produces=[text/html]}" onto public org.springframework.web.servlet.ModelAndView org.springframework.boot.autoconfigure.web.BasicErrorController.errorHtml(javax.servlet.http.HttpServletRequest,javax.servlet.http.HttpServletResponse)
2018-03-16 14:20:31 [Test worker] INFO  o.s.w.s.m.m.a.RequestMappingHandlerMapping - Mapped "{[/error]}" onto public org.springframework.http.ResponseEntity<java.util.Map<java.lang.String, java.lang.Object>> org.springframework.boot.autoconfigure.web.BasicErrorController.error(javax.servlet.http.HttpServletRequest)
2018-03-16 14:20:31 [Test worker] INFO  o.s.w.s.m.m.a.RequestMappingHandlerAdapter - Looking for @ControllerAdvice: org.springframework.boot.context.embedded.AnnotationConfigEmbeddedWebApplicationContext@34b1e0d9: startup date [Fri Mar 16 14:20:29 CDT 2018]; root of context hierarchy
2018-03-16 14:20:31 [Test worker] INFO  o.s.w.s.m.m.a.ExceptionHandlerExceptionResolver - Detected @ExceptionHandler methods in controllerExceptionHandler
2018-03-16 14:20:31 [Test worker] ERROR exceptions-log - rest_api.entities.merchant.MerchantNotFoundException

  .   ____          _            __ _ _
 /\\ / ___'_ __ _ _(_)_ __  __ _ \ \ \ \
( ( )\___ | '_ | '_| | '_ \/ _` | \ \ \ \
 \\/  ___)| |_)| | | | | || (_| |  ) ) ) )
  '  |____| .__|_| |_|_| |_\__, | / / / /
 =========|_|==============|___/=/_/_/_/
 :: Spring Boot ::       (v1.5.10.RELEASE)

2018-03-16 14:20:31 [Test worker] WARN  o.s.b.t.j.DuplicateJsonObjectContextCustomizerFactory$DuplicateJsonObjectContextCustomizer - 

Found multiple occurrences of org.json.JSONObject on the class path:

	jar:file:/home/aherrington/.gradle/caches/modules-2/files-2.1/org.json/json/20160212/a742e3f85161835b95877478c5dd5b405cefaab9/json-20160212.jar!/org/json/JSONObject.class
	jar:file:/home/aherrington/.gradle/caches/modules-2/files-2.1/com.vaadin.external.google/android-json/0.0.20131108.vaadin1/fa26d351fe62a6a17f5cda1287c1c6110dec413f/android-json-0.0.20131108.vaadin1.jar!/org/json/JSONObject.class

You may wish to exclude one of them to ensure predictable runtime behavior

2018-03-16 14:20:32 [localhost-startStop-1] INFO  o.s.web.context.ContextLoader - Root WebApplicationContext: initialization completed in 287 ms
2018-03-16 14:20:34 [Test worker] INFO  o.s.w.s.m.m.a.RequestMappingHandlerMapping - Mapped "{[/v1/merchant/{id}],methods=[PUT]}" onto public org.springframework.hateoas.Resource<rest_api.entities.merchant.MerchantDto> rest_api.entities.merchant.MerchantController.update(long,rest_api.entities.merchant.Merchant) throws rest_api.entities.merchant.MerchantNotFoundException
2018-03-16 14:20:34 [Test worker] INFO  o.s.w.s.m.m.a.RequestMappingHandlerMapping - Mapped "{[/v1/merchant],methods=[GET]}" onto public rest_api.entities.merchant.MerchantDtoResources rest_api.entities.merchant.MerchantController.find(org.springframework.data.domain.Pageable) throws rest_api.security.UnauthorizedAccessException
2018-03-16 14:20:34 [Test worker] INFO  o.s.w.s.m.m.a.RequestMappingHandlerMapping - Mapped "{[/v1/merchant/{id}],methods=[GET],produces=[application/json || application/xml]}" onto public org.springframework.hateoas.Resource<rest_api.entities.merchant.MerchantDto> rest_api.entities.merchant.MerchantController.find(long) throws rest_api.entities.merchant.MerchantNotFoundException
2018-03-16 14:20:34 [Test worker] INFO  o.s.w.s.m.m.a.RequestMappingHandlerMapping - Mapped "{[/v1/merchant/{id}],methods=[DELETE]}" onto public org.springframework.http.ResponseEntity rest_api.entities.merchant.MerchantController.delete(long) throws rest_api.entities.merchant.MerchantNotFoundException
2018-03-16 14:20:34 [Test worker] INFO  o.s.w.s.m.m.a.RequestMappingHandlerMapping - Mapped "{[/v1/merchant],methods=[POST]}" onto public org.springframework.hateoas.Resource<rest_api.entities.merchant.MerchantDto> rest_api.entities.merchant.MerchantController.create(rest_api.entities.merchant.Merchant) throws rest_api.security.UnauthorizedAccessException
2018-03-16 14:20:34 [Test worker] INFO  o.s.w.s.m.m.a.RequestMappingHandlerMapping - Mapped "{[/v1/merchant/{merchantId}/payment/{paymentId}],methods=[GET]}" onto public org.springframework.hateoas.Resource<rest_api.entities.payment.PaymentDto> rest_api.entities.payment.PaymentController.find(long,long) throws rest_api.entities.merchant.MerchantNotFoundException,rest_api.entities.payment.PaymentNotFoundException,rest_api.security.UnauthorizedAccessException
2018-03-16 14:20:34 [Test worker] INFO  o.s.w.s.m.m.a.RequestMappingHandlerMapping - Mapped "{[/v1/merchant/{merchantId}/payment],methods=[GET]}" onto public rest_api.entities.payment.PaymentDtoResources rest_api.entities.payment.PaymentController.find(long,org.springframework.data.domain.Pageable) throws rest_api.entities.merchant.MerchantNotFoundException,rest_api.security.UnauthorizedAccessException
2018-03-16 14:20:34 [Test worker] INFO  o.s.w.s.m.m.a.RequestMappingHandlerMapping - Mapped "{[/v1/merchant/{merchantId}/payment/{paymentId}],methods=[DELETE]}" onto public org.springframework.http.ResponseEntity rest_api.entities.payment.PaymentController.delete(long,long) throws rest_api.entities.merchant.MerchantNotFoundException,rest_api.entities.payment.PaymentNotFoundException
2018-03-16 14:20:34 [Test worker] INFO  o.s.w.s.m.m.a.RequestMappingHandlerMapping - Mapped "{[/v1/merchant/{merchantId}/payment],methods=[POST]}" onto public org.springframework.hateoas.Resource<rest_api.entities.payment.PaymentDto> rest_api.entities.payment.PaymentController.create(long,rest_api.entities.payment.PaymentDto) throws rest_api.entities.merchant.MerchantNotFoundException,rest_api.security.UnauthorizedAccessException
2018-03-16 14:20:34 [Test worker] INFO  o.s.w.s.m.m.a.RequestMappingHandlerMapping - Mapped "{[/user/create],methods=[POST]}" onto public rest_api.entities.user.UserDto rest_api.entities.user.UserController.createNewUser(rest_api.entities.user.UserDto) throws rest_api.entities.user.UserExistsException
2018-03-16 14:20:34 [Test worker] INFO  o.s.w.s.m.m.a.RequestMappingHandlerMapping - Mapped "{[/user/token],methods=[GET]}" onto public rest_api.security.oauth.JwtToken rest_api.entities.user.UserController.getJwtToken(java.lang.String,java.lang.String) throws rest_api.security.UnauthorizedAccessException
2018-03-16 14:20:34 [Test worker] INFO  o.s.w.s.m.m.a.RequestMappingHandlerMapping - Mapped "{[/error],produces=[text/html]}" onto public org.springframework.web.servlet.ModelAndView org.springframework.boot.autoconfigure.web.BasicErrorController.errorHtml(javax.servlet.http.HttpServletRequest,javax.servlet.http.HttpServletResponse)
2018-03-16 14:20:34 [Test worker] INFO  o.s.w.s.m.m.a.RequestMappingHandlerMapping - Mapped "{[/error]}" onto public org.springframework.http.ResponseEntity<java.util.Map<java.lang.String, java.lang.Object>> org.springframework.boot.autoconfigure.web.BasicErrorController.error(javax.servlet.http.HttpServletRequest)
2018-03-16 14:20:34 [Test worker] INFO  o.s.w.s.m.m.a.RequestMappingHandlerAdapter - Looking for @ControllerAdvice: org.springframework.boot.context.embedded.AnnotationConfigEmbeddedWebApplicationContext@45575398: startup date [Fri Mar 16 14:20:31 CDT 2018]; root of context hierarchy
2018-03-16 14:20:34 [Test worker] INFO  o.s.w.s.m.m.a.ExceptionHandlerExceptionResolver - Detected @ExceptionHandler methods in controllerExceptionHandler

  .   ____          _            __ _ _
 /\\ / ___'_ __ _ _(_)_ __  __ _ \ \ \ \
( ( )\___ | '_ | '_| | '_ \/ _` | \ \ \ \
 \\/  ___)| |_)| | | | | || (_| |  ) ) ) )
  '  |____| .__|_| |_|_| |_\__, | / / / /
 =========|_|==============|___/=/_/_/_/
 :: Spring Boot ::       (v1.5.10.RELEASE)

2018-03-16 14:20:35 [Test worker] WARN  o.s.b.t.j.DuplicateJsonObjectContextCustomizerFactory$DuplicateJsonObjectContextCustomizer - 

Found multiple occurrences of org.json.JSONObject on the class path:

	jar:file:/home/aherrington/.gradle/caches/modules-2/files-2.1/org.json/json/20160212/a742e3f85161835b95877478c5dd5b405cefaab9/json-20160212.jar!/org/json/JSONObject.class
	jar:file:/home/aherrington/.gradle/caches/modules-2/files-2.1/com.vaadin.external.google/android-json/0.0.20131108.vaadin1/fa26d351fe62a6a17f5cda1287c1c6110dec413f/android-json-0.0.20131108.vaadin1.jar!/org/json/JSONObject.class

You may wish to exclude one of them to ensure predictable runtime behavior

2018-03-16 14:20:35 [localhost-startStop-1] INFO  o.s.web.context.ContextLoader - Root WebApplicationContext: initialization completed in 317 ms
2018-03-16 14:20:37 [Test worker] INFO  o.s.w.s.m.m.a.RequestMappingHandlerMapping - Mapped "{[/v1/merchant/{id}],methods=[PUT]}" onto public org.springframework.hateoas.Resource<rest_api.entities.merchant.MerchantDto> rest_api.entities.merchant.MerchantController.update(long,rest_api.entities.merchant.Merchant) throws rest_api.entities.merchant.MerchantNotFoundException
2018-03-16 14:20:37 [Test worker] INFO  o.s.w.s.m.m.a.RequestMappingHandlerMapping - Mapped "{[/v1/merchant],methods=[GET]}" onto public rest_api.entities.merchant.MerchantDtoResources rest_api.entities.merchant.MerchantController.find(org.springframework.data.domain.Pageable) throws rest_api.security.UnauthorizedAccessException
2018-03-16 14:20:37 [Test worker] INFO  o.s.w.s.m.m.a.RequestMappingHandlerMapping - Mapped "{[/v1/merchant/{id}],methods=[GET],produces=[application/json || application/xml]}" onto public org.springframework.hateoas.Resource<rest_api.entities.merchant.MerchantDto> rest_api.entities.merchant.MerchantController.find(long) throws rest_api.entities.merchant.MerchantNotFoundException
2018-03-16 14:20:37 [Test worker] INFO  o.s.w.s.m.m.a.RequestMappingHandlerMapping - Mapped "{[/v1/merchant/{id}],methods=[DELETE]}" onto public org.springframework.http.ResponseEntity rest_api.entities.merchant.MerchantController.delete(long) throws rest_api.entities.merchant.MerchantNotFoundException
2018-03-16 14:20:37 [Test worker] INFO  o.s.w.s.m.m.a.RequestMappingHandlerMapping - Mapped "{[/v1/merchant],methods=[POST]}" onto public org.springframework.hateoas.Resource<rest_api.entities.merchant.MerchantDto> rest_api.entities.merchant.MerchantController.create(rest_api.entities.merchant.Merchant) throws rest_api.security.UnauthorizedAccessException
2018-03-16 14:20:37 [Test worker] INFO  o.s.w.s.m.m.a.RequestMappingHandlerMapping - Mapped "{[/v1/merchant/{merchantId}/payment/{paymentId}],methods=[GET]}" onto public org.springframework.hateoas.Resource<rest_api.entities.payment.PaymentDto> rest_api.entities.payment.PaymentController.find(long,long) throws rest_api.entities.merchant.MerchantNotFoundException,rest_api.entities.payment.PaymentNotFoundException,rest_api.security.UnauthorizedAccessException
2018-03-16 14:20:37 [Test worker] INFO  o.s.w.s.m.m.a.RequestMappingHandlerMapping - Mapped "{[/v1/merchant/{merchantId}/payment],methods=[GET]}" onto public rest_api.entities.payment.PaymentDtoResources rest_api.entities.payment.PaymentController.find(long,org.springframework.data.domain.Pageable) throws rest_api.entities.merchant.MerchantNotFoundException,rest_api.security.UnauthorizedAccessException
2018-03-16 14:20:37 [Test worker] INFO  o.s.w.s.m.m.a.RequestMappingHandlerMapping - Mapped "{[/v1/merchant/{merchantId}/payment/{paymentId}],methods=[DELETE]}" onto public org.springframework.http.ResponseEntity rest_api.entities.payment.PaymentController.delete(long,long) throws rest_api.entities.merchant.MerchantNotFoundException,rest_api.entities.payment.PaymentNotFoundException
2018-03-16 14:20:37 [Test worker] INFO  o.s.w.s.m.m.a.RequestMappingHandlerMapping - Mapped "{[/v1/merchant/{merchantId}/payment],methods=[POST]}" onto public org.springframework.hateoas.Resource<rest_api.entities.payment.PaymentDto> rest_api.entities.payment.PaymentController.create(long,rest_api.entities.payment.PaymentDto) throws rest_api.entities.merchant.MerchantNotFoundException,rest_api.security.UnauthorizedAccessException
2018-03-16 14:20:37 [Test worker] INFO  o.s.w.s.m.m.a.RequestMappingHandlerMapping - Mapped "{[/user/create],methods=[POST]}" onto public rest_api.entities.user.UserDto rest_api.entities.user.UserController.createNewUser(rest_api.entities.user.UserDto) throws rest_api.entities.user.UserExistsException
2018-03-16 14:20:37 [Test worker] INFO  o.s.w.s.m.m.a.RequestMappingHandlerMapping - Mapped "{[/user/token],methods=[GET]}" onto public rest_api.security.oauth.JwtToken rest_api.entities.user.UserController.getJwtToken(java.lang.String,java.lang.String) throws rest_api.security.UnauthorizedAccessException
2018-03-16 14:20:37 [Test worker] INFO  o.s.w.s.m.m.a.RequestMappingHandlerMapping - Mapped "{[/error],produces=[text/html]}" onto public org.springframework.web.servlet.ModelAndView org.springframework.boot.autoconfigure.web.BasicErrorController.errorHtml(javax.servlet.http.HttpServletRequest,javax.servlet.http.HttpServletResponse)
2018-03-16 14:20:37 [Test worker] INFO  o.s.w.s.m.m.a.RequestMappingHandlerMapping - Mapped "{[/error]}" onto public org.springframework.http.ResponseEntity<java.util.Map<java.lang.String, java.lang.Object>> org.springframework.boot.autoconfigure.web.BasicErrorController.error(javax.servlet.http.HttpServletRequest)
2018-03-16 14:20:37 [Test worker] INFO  o.s.w.s.m.m.a.RequestMappingHandlerAdapter - Looking for @ControllerAdvice: org.springframework.boot.context.embedded.AnnotationConfigEmbeddedWebApplicationContext@50c1d0ce: startup date [Fri Mar 16 14:20:35 CDT 2018]; root of context hierarchy
2018-03-16 14:20:37 [Test worker] INFO  o.s.w.s.m.m.a.ExceptionHandlerExceptionResolver - Detected @ExceptionHandler methods in controllerExceptionHandler
2018-03-16 14:20:37 [Test worker] ERROR exceptions-log - rest_api.entities.payment.PaymentNotFoundException

  .   ____          _            __ _ _
 /\\ / ___'_ __ _ _(_)_ __  __ _ \ \ \ \
( ( )\___ | '_ | '_| | '_ \/ _` | \ \ \ \
 \\/  ___)| |_)| | | | | || (_| |  ) ) ) )
  '  |____| .__|_| |_|_| |_\__, | / / / /
 =========|_|==============|___/=/_/_/_/
 :: Spring Boot ::       (v1.5.10.RELEASE)

2018-03-16 14:20:37 [Test worker] WARN  o.s.b.t.j.DuplicateJsonObjectContextCustomizerFactory$DuplicateJsonObjectContextCustomizer - 

Found multiple occurrences of org.json.JSONObject on the class path:

	jar:file:/home/aherrington/.gradle/caches/modules-2/files-2.1/org.json/json/20160212/a742e3f85161835b95877478c5dd5b405cefaab9/json-20160212.jar!/org/json/JSONObject.class
	jar:file:/home/aherrington/.gradle/caches/modules-2/files-2.1/com.vaadin.external.google/android-json/0.0.20131108.vaadin1/fa26d351fe62a6a17f5cda1287c1c6110dec413f/android-json-0.0.20131108.vaadin1.jar!/org/json/JSONObject.class

You may wish to exclude one of them to ensure predictable runtime behavior

2018-03-16 14:20:38 [localhost-startStop-1] INFO  o.s.web.context.ContextLoader - Root WebApplicationContext: initialization completed in 259 ms
2018-03-16 14:20:39 [Test worker] INFO  o.s.w.s.m.m.a.RequestMappingHandlerMapping - Mapped "{[/v1/merchant/{id}],methods=[PUT]}" onto public org.springframework.hateoas.Resource<rest_api.entities.merchant.MerchantDto> rest_api.entities.merchant.MerchantController.update(long,rest_api.entities.merchant.Merchant) throws rest_api.entities.merchant.MerchantNotFoundException
2018-03-16 14:20:39 [Test worker] INFO  o.s.w.s.m.m.a.RequestMappingHandlerMapping - Mapped "{[/v1/merchant],methods=[GET]}" onto public rest_api.entities.merchant.MerchantDtoResources rest_api.entities.merchant.MerchantController.find(org.springframework.data.domain.Pageable) throws rest_api.security.UnauthorizedAccessException
2018-03-16 14:20:39 [Test worker] INFO  o.s.w.s.m.m.a.RequestMappingHandlerMapping - Mapped "{[/v1/merchant/{id}],methods=[GET],produces=[application/json || application/xml]}" onto public org.springframework.hateoas.Resource<rest_api.entities.merchant.MerchantDto> rest_api.entities.merchant.MerchantController.find(long) throws rest_api.entities.merchant.MerchantNotFoundException
2018-03-16 14:20:39 [Test worker] INFO  o.s.w.s.m.m.a.RequestMappingHandlerMapping - Mapped "{[/v1/merchant/{id}],methods=[DELETE]}" onto public org.springframework.http.ResponseEntity rest_api.entities.merchant.MerchantController.delete(long) throws rest_api.entities.merchant.MerchantNotFoundException
2018-03-16 14:20:39 [Test worker] INFO  o.s.w.s.m.m.a.RequestMappingHandlerMapping - Mapped "{[/v1/merchant],methods=[POST]}" onto public org.springframework.hateoas.Resource<rest_api.entities.merchant.MerchantDto> rest_api.entities.merchant.MerchantController.create(rest_api.entities.merchant.Merchant) throws rest_api.security.UnauthorizedAccessException
2018-03-16 14:20:39 [Test worker] INFO  o.s.w.s.m.m.a.RequestMappingHandlerMapping - Mapped "{[/v1/merchant/{merchantId}/payment/{paymentId}],methods=[GET]}" onto public org.springframework.hateoas.Resource<rest_api.entities.payment.PaymentDto> rest_api.entities.payment.PaymentController.find(long,long) throws rest_api.entities.merchant.MerchantNotFoundException,rest_api.entities.payment.PaymentNotFoundException,rest_api.security.UnauthorizedAccessException
2018-03-16 14:20:39 [Test worker] INFO  o.s.w.s.m.m.a.RequestMappingHandlerMapping - Mapped "{[/v1/merchant/{merchantId}/payment],methods=[GET]}" onto public rest_api.entities.payment.PaymentDtoResources rest_api.entities.payment.PaymentController.find(long,org.springframework.data.domain.Pageable) throws rest_api.entities.merchant.MerchantNotFoundException,rest_api.security.UnauthorizedAccessException
2018-03-16 14:20:39 [Test worker] INFO  o.s.w.s.m.m.a.RequestMappingHandlerMapping - Mapped "{[/v1/merchant/{merchantId}/payment/{paymentId}],methods=[DELETE]}" onto public org.springframework.http.ResponseEntity rest_api.entities.payment.PaymentController.delete(long,long) throws rest_api.entities.merchant.MerchantNotFoundException,rest_api.entities.payment.PaymentNotFoundException
2018-03-16 14:20:39 [Test worker] INFO  o.s.w.s.m.m.a.RequestMappingHandlerMapping - Mapped "{[/v1/merchant/{merchantId}/payment],methods=[POST]}" onto public org.springframework.hateoas.Resource<rest_api.entities.payment.PaymentDto> rest_api.entities.payment.PaymentController.create(long,rest_api.entities.payment.PaymentDto) throws rest_api.entities.merchant.MerchantNotFoundException,rest_api.security.UnauthorizedAccessException
2018-03-16 14:20:39 [Test worker] INFO  o.s.w.s.m.m.a.RequestMappingHandlerMapping - Mapped "{[/user/create],methods=[POST]}" onto public rest_api.entities.user.UserDto rest_api.entities.user.UserController.createNewUser(rest_api.entities.user.UserDto) throws rest_api.entities.user.UserExistsException
2018-03-16 14:20:39 [Test worker] INFO  o.s.w.s.m.m.a.RequestMappingHandlerMapping - Mapped "{[/user/token],methods=[GET]}" onto public rest_api.security.oauth.JwtToken rest_api.entities.user.UserController.getJwtToken(java.lang.String,java.lang.String) throws rest_api.security.UnauthorizedAccessException
2018-03-16 14:20:39 [Test worker] INFO  o.s.w.s.m.m.a.RequestMappingHandlerMapping - Mapped "{[/error],produces=[text/html]}" onto public org.springframework.web.servlet.ModelAndView org.springframework.boot.autoconfigure.web.BasicErrorController.errorHtml(javax.servlet.http.HttpServletRequest,javax.servlet.http.HttpServletResponse)
2018-03-16 14:20:39 [Test worker] INFO  o.s.w.s.m.m.a.RequestMappingHandlerMapping - Mapped "{[/error]}" onto public org.springframework.http.ResponseEntity<java.util.Map<java.lang.String, java.lang.Object>> org.springframework.boot.autoconfigure.web.BasicErrorController.error(javax.servlet.http.HttpServletRequest)
2018-03-16 14:20:39 [Test worker] INFO  o.s.w.s.m.m.a.RequestMappingHandlerAdapter - Looking for @ControllerAdvice: org.springframework.boot.context.embedded.AnnotationConfigEmbeddedWebApplicationContext@5e832e8: startup date [Fri Mar 16 14:20:37 CDT 2018]; root of context hierarchy
2018-03-16 14:20:39 [Test worker] INFO  o.s.w.s.m.m.a.ExceptionHandlerExceptionResolver - Detected @ExceptionHandler methods in controllerExceptionHandler

  .   ____          _            __ _ _
 /\\ / ___'_ __ _ _(_)_ __  __ _ \ \ \ \
( ( )\___ | '_ | '_| | '_ \/ _` | \ \ \ \
 \\/  ___)| |_)| | | | | || (_| |  ) ) ) )
  '  |____| .__|_| |_|_| |_\__, | / / / /
 =========|_|==============|___/=/_/_/_/
 :: Spring Boot ::       (v1.5.10.RELEASE)

2018-03-16 14:20:40 [Test worker] WARN  o.s.b.t.j.DuplicateJsonObjectContextCustomizerFactory$DuplicateJsonObjectContextCustomizer - 

Found multiple occurrences of org.json.JSONObject on the class path:

	jar:file:/home/aherrington/.gradle/caches/modules-2/files-2.1/org.json/json/20160212/a742e3f85161835b95877478c5dd5b405cefaab9/json-20160212.jar!/org/json/JSONObject.class
	jar:file:/home/aherrington/.gradle/caches/modules-2/files-2.1/com.vaadin.external.google/android-json/0.0.20131108.vaadin1/fa26d351fe62a6a17f5cda1287c1c6110dec413f/android-json-0.0.20131108.vaadin1.jar!/org/json/JSONObject.class

You may wish to exclude one of them to ensure predictable runtime behavior

2018-03-16 14:20:40 [localhost-startStop-1] INFO  o.s.web.context.ContextLoader - Root WebApplicationContext: initialization completed in 255 ms
2018-03-16 14:20:42 [Test worker] INFO  o.s.w.s.m.m.a.RequestMappingHandlerMapping - Mapped "{[/v1/merchant/{id}],methods=[PUT]}" onto public org.springframework.hateoas.Resource<rest_api.entities.merchant.MerchantDto> rest_api.entities.merchant.MerchantController.update(long,rest_api.entities.merchant.Merchant) throws rest_api.entities.merchant.MerchantNotFoundException
2018-03-16 14:20:42 [Test worker] INFO  o.s.w.s.m.m.a.RequestMappingHandlerMapping - Mapped "{[/v1/merchant],methods=[GET]}" onto public rest_api.entities.merchant.MerchantDtoResources rest_api.entities.merchant.MerchantController.find(org.springframework.data.domain.Pageable) throws rest_api.security.UnauthorizedAccessException
2018-03-16 14:20:42 [Test worker] INFO  o.s.w.s.m.m.a.RequestMappingHandlerMapping - Mapped "{[/v1/merchant/{id}],methods=[GET],produces=[application/json || application/xml]}" onto public org.springframework.hateoas.Resource<rest_api.entities.merchant.MerchantDto> rest_api.entities.merchant.MerchantController.find(long) throws rest_api.entities.merchant.MerchantNotFoundException
2018-03-16 14:20:42 [Test worker] INFO  o.s.w.s.m.m.a.RequestMappingHandlerMapping - Mapped "{[/v1/merchant/{id}],methods=[DELETE]}" onto public org.springframework.http.ResponseEntity rest_api.entities.merchant.MerchantController.delete(long) throws rest_api.entities.merchant.MerchantNotFoundException
2018-03-16 14:20:42 [Test worker] INFO  o.s.w.s.m.m.a.RequestMappingHandlerMapping - Mapped "{[/v1/merchant],methods=[POST]}" onto public org.springframework.hateoas.Resource<rest_api.entities.merchant.MerchantDto> rest_api.entities.merchant.MerchantController.create(rest_api.entities.merchant.Merchant) throws rest_api.security.UnauthorizedAccessException
2018-03-16 14:20:42 [Test worker] INFO  o.s.w.s.m.m.a.RequestMappingHandlerMapping - Mapped "{[/v1/merchant/{merchantId}/payment/{paymentId}],methods=[GET]}" onto public org.springframework.hateoas.Resource<rest_api.entities.payment.PaymentDto> rest_api.entities.payment.PaymentController.find(long,long) throws rest_api.entities.merchant.MerchantNotFoundException,rest_api.entities.payment.PaymentNotFoundException,rest_api.security.UnauthorizedAccessException
2018-03-16 14:20:42 [Test worker] INFO  o.s.w.s.m.m.a.RequestMappingHandlerMapping - Mapped "{[/v1/merchant/{merchantId}/payment],methods=[GET]}" onto public rest_api.entities.payment.PaymentDtoResources rest_api.entities.payment.PaymentController.find(long,org.springframework.data.domain.Pageable) throws rest_api.entities.merchant.MerchantNotFoundException,rest_api.security.UnauthorizedAccessException
2018-03-16 14:20:42 [Test worker] INFO  o.s.w.s.m.m.a.RequestMappingHandlerMapping - Mapped "{[/v1/merchant/{merchantId}/payment/{paymentId}],methods=[DELETE]}" onto public org.springframework.http.ResponseEntity rest_api.entities.payment.PaymentController.delete(long,long) throws rest_api.entities.merchant.MerchantNotFoundException,rest_api.entities.payment.PaymentNotFoundException
2018-03-16 14:20:42 [Test worker] INFO  o.s.w.s.m.m.a.RequestMappingHandlerMapping - Mapped "{[/v1/merchant/{merchantId}/payment],methods=[POST]}" onto public org.springframework.hateoas.Resource<rest_api.entities.payment.PaymentDto> rest_api.entities.payment.PaymentController.create(long,rest_api.entities.payment.PaymentDto) throws rest_api.entities.merchant.MerchantNotFoundException,rest_api.security.UnauthorizedAccessException
2018-03-16 14:20:42 [Test worker] INFO  o.s.w.s.m.m.a.RequestMappingHandlerMapping - Mapped "{[/user/create],methods=[POST]}" onto public rest_api.entities.user.UserDto rest_api.entities.user.UserController.createNewUser(rest_api.entities.user.UserDto) throws rest_api.entities.user.UserExistsException
2018-03-16 14:20:42 [Test worker] INFO  o.s.w.s.m.m.a.RequestMappingHandlerMapping - Mapped "{[/user/token],methods=[GET]}" onto public rest_api.security.oauth.JwtToken rest_api.entities.user.UserController.getJwtToken(java.lang.String,java.lang.String) throws rest_api.security.UnauthorizedAccessException
2018-03-16 14:20:42 [Test worker] INFO  o.s.w.s.m.m.a.RequestMappingHandlerMapping - Mapped "{[/error],produces=[text/html]}" onto public org.springframework.web.servlet.ModelAndView org.springframework.boot.autoconfigure.web.BasicErrorController.errorHtml(javax.servlet.http.HttpServletRequest,javax.servlet.http.HttpServletResponse)
2018-03-16 14:20:42 [Test worker] INFO  o.s.w.s.m.m.a.RequestMappingHandlerMapping - Mapped "{[/error]}" onto public org.springframework.http.ResponseEntity<java.util.Map<java.lang.String, java.lang.Object>> org.springframework.boot.autoconfigure.web.BasicErrorController.error(javax.servlet.http.HttpServletRequest)
2018-03-16 14:20:42 [Test worker] INFO  o.s.w.s.m.m.a.RequestMappingHandlerAdapter - Looking for @ControllerAdvice: org.springframework.boot.context.embedded.AnnotationConfigEmbeddedWebApplicationContext@21fb3ebb: startup date [Fri Mar 16 14:20:40 CDT 2018]; root of context hierarchy
2018-03-16 14:20:42 [Test worker] INFO  o.s.w.s.m.m.a.ExceptionHandlerExceptionResolver - Detected @ExceptionHandler methods in controllerExceptionHandler

  .   ____          _            __ _ _
 /\\ / ___'_ __ _ _(_)_ __  __ _ \ \ \ \
( ( )\___ | '_ | '_| | '_ \/ _` | \ \ \ \
 \\/  ___)| |_)| | | | | || (_| |  ) ) ) )
  '  |____| .__|_| |_|_| |_\__, | / / / /
 =========|_|==============|___/=/_/_/_/
 :: Spring Boot ::       (v1.5.10.RELEASE)

2018-03-16 14:20:43 [Test worker] WARN  o.s.b.t.j.DuplicateJsonObjectContextCustomizerFactory$DuplicateJsonObjectContextCustomizer - 

Found multiple occurrences of org.json.JSONObject on the class path:

	jar:file:/home/aherrington/.gradle/caches/modules-2/files-2.1/org.json/json/20160212/a742e3f85161835b95877478c5dd5b405cefaab9/json-20160212.jar!/org/json/JSONObject.class
	jar:file:/home/aherrington/.gradle/caches/modules-2/files-2.1/com.vaadin.external.google/android-json/0.0.20131108.vaadin1/fa26d351fe62a6a17f5cda1287c1c6110dec413f/android-json-0.0.20131108.vaadin1.jar!/org/json/JSONObject.class

You may wish to exclude one of them to ensure predictable runtime behavior

2018-03-16 14:20:43 [localhost-startStop-1] INFO  o.s.web.context.ContextLoader - Root WebApplicationContext: initialization completed in 241 ms
2018-03-16 14:20:45 [Test worker] INFO  o.s.w.s.m.m.a.RequestMappingHandlerMapping - Mapped "{[/v1/merchant/{id}],methods=[PUT]}" onto public org.springframework.hateoas.Resource<rest_api.entities.merchant.MerchantDto> rest_api.entities.merchant.MerchantController.update(long,rest_api.entities.merchant.Merchant) throws rest_api.entities.merchant.MerchantNotFoundException
2018-03-16 14:20:45 [Test worker] INFO  o.s.w.s.m.m.a.RequestMappingHandlerMapping - Mapped "{[/v1/merchant],methods=[GET]}" onto public rest_api.entities.merchant.MerchantDtoResources rest_api.entities.merchant.MerchantController.find(org.springframework.data.domain.Pageable) throws rest_api.security.UnauthorizedAccessException
2018-03-16 14:20:45 [Test worker] INFO  o.s.w.s.m.m.a.RequestMappingHandlerMapping - Mapped "{[/v1/merchant/{id}],methods=[GET],produces=[application/json || application/xml]}" onto public org.springframework.hateoas.Resource<rest_api.entities.merchant.MerchantDto> rest_api.entities.merchant.MerchantController.find(long) throws rest_api.entities.merchant.MerchantNotFoundException
2018-03-16 14:20:45 [Test worker] INFO  o.s.w.s.m.m.a.RequestMappingHandlerMapping - Mapped "{[/v1/merchant/{id}],methods=[DELETE]}" onto public org.springframework.http.ResponseEntity rest_api.entities.merchant.MerchantController.delete(long) throws rest_api.entities.merchant.MerchantNotFoundException
2018-03-16 14:20:45 [Test worker] INFO  o.s.w.s.m.m.a.RequestMappingHandlerMapping - Mapped "{[/v1/merchant],methods=[POST]}" onto public org.springframework.hateoas.Resource<rest_api.entities.merchant.MerchantDto> rest_api.entities.merchant.MerchantController.create(rest_api.entities.merchant.Merchant) throws rest_api.security.UnauthorizedAccessException
2018-03-16 14:20:45 [Test worker] INFO  o.s.w.s.m.m.a.RequestMappingHandlerMapping - Mapped "{[/v1/merchant/{merchantId}/payment/{paymentId}],methods=[GET]}" onto public org.springframework.hateoas.Resource<rest_api.entities.payment.PaymentDto> rest_api.entities.payment.PaymentController.find(long,long) throws rest_api.entities.merchant.MerchantNotFoundException,rest_api.entities.payment.PaymentNotFoundException,rest_api.security.UnauthorizedAccessException
2018-03-16 14:20:45 [Test worker] INFO  o.s.w.s.m.m.a.RequestMappingHandlerMapping - Mapped "{[/v1/merchant/{merchantId}/payment],methods=[GET]}" onto public rest_api.entities.payment.PaymentDtoResources rest_api.entities.payment.PaymentController.find(long,org.springframework.data.domain.Pageable) throws rest_api.entities.merchant.MerchantNotFoundException,rest_api.security.UnauthorizedAccessException
2018-03-16 14:20:45 [Test worker] INFO  o.s.w.s.m.m.a.RequestMappingHandlerMapping - Mapped "{[/v1/merchant/{merchantId}/payment/{paymentId}],methods=[DELETE]}" onto public org.springframework.http.ResponseEntity rest_api.entities.payment.PaymentController.delete(long,long) throws rest_api.entities.merchant.MerchantNotFoundException,rest_api.entities.payment.PaymentNotFoundException
2018-03-16 14:20:45 [Test worker] INFO  o.s.w.s.m.m.a.RequestMappingHandlerMapping - Mapped "{[/v1/merchant/{merchantId}/payment],methods=[POST]}" onto public org.springframework.hateoas.Resource<rest_api.entities.payment.PaymentDto> rest_api.entities.payment.PaymentController.create(long,rest_api.entities.payment.PaymentDto) throws rest_api.entities.merchant.MerchantNotFoundException,rest_api.security.UnauthorizedAccessException
2018-03-16 14:20:45 [Test worker] INFO  o.s.w.s.m.m.a.RequestMappingHandlerMapping - Mapped "{[/user/create],methods=[POST]}" onto public rest_api.entities.user.UserDto rest_api.entities.user.UserController.createNewUser(rest_api.entities.user.UserDto) throws rest_api.entities.user.UserExistsException
2018-03-16 14:20:45 [Test worker] INFO  o.s.w.s.m.m.a.RequestMappingHandlerMapping - Mapped "{[/user/token],methods=[GET]}" onto public rest_api.security.oauth.JwtToken rest_api.entities.user.UserController.getJwtToken(java.lang.String,java.lang.String) throws rest_api.security.UnauthorizedAccessException
2018-03-16 14:20:45 [Test worker] INFO  o.s.w.s.m.m.a.RequestMappingHandlerMapping - Mapped "{[/error],produces=[text/html]}" onto public org.springframework.web.servlet.ModelAndView org.springframework.boot.autoconfigure.web.BasicErrorController.errorHtml(javax.servlet.http.HttpServletRequest,javax.servlet.http.HttpServletResponse)
2018-03-16 14:20:45 [Test worker] INFO  o.s.w.s.m.m.a.RequestMappingHandlerMapping - Mapped "{[/error]}" onto public org.springframework.http.ResponseEntity<java.util.Map<java.lang.String, java.lang.Object>> org.springframework.boot.autoconfigure.web.BasicErrorController.error(javax.servlet.http.HttpServletRequest)
2018-03-16 14:20:45 [Test worker] INFO  o.s.w.s.m.m.a.RequestMappingHandlerAdapter - Looking for @ControllerAdvice: org.springframework.boot.context.embedded.AnnotationConfigEmbeddedWebApplicationContext@53597b57: startup date [Fri Mar 16 14:20:43 CDT 2018]; root of context hierarchy
2018-03-16 14:20:45 [Test worker] INFO  o.s.w.s.m.m.a.ExceptionHandlerExceptionResolver - Detected @ExceptionHandler methods in controllerExceptionHandler

  .   ____          _            __ _ _
 /\\ / ___'_ __ _ _(_)_ __  __ _ \ \ \ \
( ( )\___ | '_ | '_| | '_ \/ _` | \ \ \ \
 \\/  ___)| |_)| | | | | || (_| |  ) ) ) )
  '  |____| .__|_| |_|_| |_\__, | / / / /
 =========|_|==============|___/=/_/_/_/
 :: Spring Boot ::       (v1.5.10.RELEASE)

2018-03-16 14:20:45 [Test worker] WARN  o.s.b.t.j.DuplicateJsonObjectContextCustomizerFactory$DuplicateJsonObjectContextCustomizer - 

Found multiple occurrences of org.json.JSONObject on the class path:

	jar:file:/home/aherrington/.gradle/caches/modules-2/files-2.1/org.json/json/20160212/a742e3f85161835b95877478c5dd5b405cefaab9/json-20160212.jar!/org/json/JSONObject.class
	jar:file:/home/aherrington/.gradle/caches/modules-2/files-2.1/com.vaadin.external.google/android-json/0.0.20131108.vaadin1/fa26d351fe62a6a17f5cda1287c1c6110dec413f/android-json-0.0.20131108.vaadin1.jar!/org/json/JSONObject.class

You may wish to exclude one of them to ensure predictable runtime behavior

2018-03-16 14:20:46 [localhost-startStop-1] INFO  o.s.web.context.ContextLoader - Root WebApplicationContext: initialization completed in 264 ms
2018-03-16 14:20:48 [Test worker] INFO  o.s.w.s.m.m.a.RequestMappingHandlerMapping - Mapped "{[/v1/merchant/{id}],methods=[PUT]}" onto public org.springframework.hateoas.Resource<rest_api.entities.merchant.MerchantDto> rest_api.entities.merchant.MerchantController.update(long,rest_api.entities.merchant.Merchant) throws rest_api.entities.merchant.MerchantNotFoundException
2018-03-16 14:20:48 [Test worker] INFO  o.s.w.s.m.m.a.RequestMappingHandlerMapping - Mapped "{[/v1/merchant],methods=[GET]}" onto public rest_api.entities.merchant.MerchantDtoResources rest_api.entities.merchant.MerchantController.find(org.springframework.data.domain.Pageable) throws rest_api.security.UnauthorizedAccessException
2018-03-16 14:20:48 [Test worker] INFO  o.s.w.s.m.m.a.RequestMappingHandlerMapping - Mapped "{[/v1/merchant/{id}],methods=[GET],produces=[application/json || application/xml]}" onto public org.springframework.hateoas.Resource<rest_api.entities.merchant.MerchantDto> rest_api.entities.merchant.MerchantController.find(long) throws rest_api.entities.merchant.MerchantNotFoundException
2018-03-16 14:20:48 [Test worker] INFO  o.s.w.s.m.m.a.RequestMappingHandlerMapping - Mapped "{[/v1/merchant/{id}],methods=[DELETE]}" onto public org.springframework.http.ResponseEntity rest_api.entities.merchant.MerchantController.delete(long) throws rest_api.entities.merchant.MerchantNotFoundException
2018-03-16 14:20:48 [Test worker] INFO  o.s.w.s.m.m.a.RequestMappingHandlerMapping - Mapped "{[/v1/merchant],methods=[POST]}" onto public org.springframework.hateoas.Resource<rest_api.entities.merchant.MerchantDto> rest_api.entities.merchant.MerchantController.create(rest_api.entities.merchant.Merchant) throws rest_api.security.UnauthorizedAccessException
2018-03-16 14:20:48 [Test worker] INFO  o.s.w.s.m.m.a.RequestMappingHandlerMapping - Mapped "{[/v1/merchant/{merchantId}/payment/{paymentId}],methods=[GET]}" onto public org.springframework.hateoas.Resource<rest_api.entities.payment.PaymentDto> rest_api.entities.payment.PaymentController.find(long,long) throws rest_api.entities.merchant.MerchantNotFoundException,rest_api.entities.payment.PaymentNotFoundException,rest_api.security.UnauthorizedAccessException
2018-03-16 14:20:48 [Test worker] INFO  o.s.w.s.m.m.a.RequestMappingHandlerMapping - Mapped "{[/v1/merchant/{merchantId}/payment],methods=[GET]}" onto public rest_api.entities.payment.PaymentDtoResources rest_api.entities.payment.PaymentController.find(long,org.springframework.data.domain.Pageable) throws rest_api.entities.merchant.MerchantNotFoundException,rest_api.security.UnauthorizedAccessException
2018-03-16 14:20:48 [Test worker] INFO  o.s.w.s.m.m.a.RequestMappingHandlerMapping - Mapped "{[/v1/merchant/{merchantId}/payment/{paymentId}],methods=[DELETE]}" onto public org.springframework.http.ResponseEntity rest_api.entities.payment.PaymentController.delete(long,long) throws rest_api.entities.merchant.MerchantNotFoundException,rest_api.entities.payment.PaymentNotFoundException
2018-03-16 14:20:48 [Test worker] INFO  o.s.w.s.m.m.a.RequestMappingHandlerMapping - Mapped "{[/v1/merchant/{merchantId}/payment],methods=[POST]}" onto public org.springframework.hateoas.Resource<rest_api.entities.payment.PaymentDto> rest_api.entities.payment.PaymentController.create(long,rest_api.entities.payment.PaymentDto) throws rest_api.entities.merchant.MerchantNotFoundException,rest_api.security.UnauthorizedAccessException
2018-03-16 14:20:48 [Test worker] INFO  o.s.w.s.m.m.a.RequestMappingHandlerMapping - Mapped "{[/user/create],methods=[POST]}" onto public rest_api.entities.user.UserDto rest_api.entities.user.UserController.createNewUser(rest_api.entities.user.UserDto) throws rest_api.entities.user.UserExistsException
2018-03-16 14:20:48 [Test worker] INFO  o.s.w.s.m.m.a.RequestMappingHandlerMapping - Mapped "{[/user/token],methods=[GET]}" onto public rest_api.security.oauth.JwtToken rest_api.entities.user.UserController.getJwtToken(java.lang.String,java.lang.String) throws rest_api.security.UnauthorizedAccessException
2018-03-16 14:20:48 [Test worker] INFO  o.s.w.s.m.m.a.RequestMappingHandlerMapping - Mapped "{[/error],produces=[text/html]}" onto public org.springframework.web.servlet.ModelAndView org.springframework.boot.autoconfigure.web.BasicErrorController.errorHtml(javax.servlet.http.HttpServletRequest,javax.servlet.http.HttpServletResponse)
2018-03-16 14:20:48 [Test worker] INFO  o.s.w.s.m.m.a.RequestMappingHandlerMapping - Mapped "{[/error]}" onto public org.springframework.http.ResponseEntity<java.util.Map<java.lang.String, java.lang.Object>> org.springframework.boot.autoconfigure.web.BasicErrorController.error(javax.servlet.http.HttpServletRequest)
2018-03-16 14:20:48 [Test worker] INFO  o.s.w.s.m.m.a.RequestMappingHandlerAdapter - Looking for @ControllerAdvice: org.springframework.boot.context.embedded.AnnotationConfigEmbeddedWebApplicationContext@100d90b: startup date [Fri Mar 16 14:20:45 CDT 2018]; root of context hierarchy
2018-03-16 14:20:48 [Test worker] INFO  o.s.w.s.m.m.a.ExceptionHandlerExceptionResolver - Detected @ExceptionHandler methods in controllerExceptionHandler
2018-03-16 14:20:48 [Test worker] ERROR exceptions-log - rest_api.entities.merchant.MerchantNotFoundException
]]></system-out>
  <system-err><![CDATA[Fri Mar 16 14:20:19 CDT 2018 WARN: Establishing SSL connection without server's identity verification is not recommended. According to MySQL 5.5.45+, 5.6.26+ and 5.7.6+ requirements SSL connection must be established by default if explicit option isn't set. For compliance with existing applications not using SSL the verifyServerCertificate property is set to 'false'. You need either to explicitly disable SSL by setting useSSL=false, or set useSSL=true and provide truststore for server certificate verification.
Fri Mar 16 14:20:19 CDT 2018 WARN: Establishing SSL connection without server's identity verification is not recommended. According to MySQL 5.5.45+, 5.6.26+ and 5.7.6+ requirements SSL connection must be established by default if explicit option isn't set. For compliance with existing applications not using SSL the verifyServerCertificate property is set to 'false'. You need either to explicitly disable SSL by setting useSSL=false, or set useSSL=true and provide truststore for server certificate verification.
Fri Mar 16 14:20:19 CDT 2018 WARN: Establishing SSL connection without server's identity verification is not recommended. According to MySQL 5.5.45+, 5.6.26+ and 5.7.6+ requirements SSL connection must be established by default if explicit option isn't set. For compliance with existing applications not using SSL the verifyServerCertificate property is set to 'false'. You need either to explicitly disable SSL by setting useSSL=false, or set useSSL=true and provide truststore for server certificate verification.
Fri Mar 16 14:20:19 CDT 2018 WARN: Establishing SSL connection without server's identity verification is not recommended. According to MySQL 5.5.45+, 5.6.26+ and 5.7.6+ requirements SSL connection must be established by default if explicit option isn't set. For compliance with existing applications not using SSL the verifyServerCertificate property is set to 'false'. You need either to explicitly disable SSL by setting useSSL=false, or set useSSL=true and provide truststore for server certificate verification.
Fri Mar 16 14:20:19 CDT 2018 WARN: Establishing SSL connection without server's identity verification is not recommended. According to MySQL 5.5.45+, 5.6.26+ and 5.7.6+ requirements SSL connection must be established by default if explicit option isn't set. For compliance with existing applications not using SSL the verifyServerCertificate property is set to 'false'. You need either to explicitly disable SSL by setting useSSL=false, or set useSSL=true and provide truststore for server certificate verification.
Fri Mar 16 14:20:19 CDT 2018 WARN: Establishing SSL connection without server's identity verification is not recommended. According to MySQL 5.5.45+, 5.6.26+ and 5.7.6+ requirements SSL connection must be established by default if explicit option isn't set. For compliance with existing applications not using SSL the verifyServerCertificate property is set to 'false'. You need either to explicitly disable SSL by setting useSSL=false, or set useSSL=true and provide truststore for server certificate verification.
Fri Mar 16 14:20:19 CDT 2018 WARN: Establishing SSL connection without server's identity verification is not recommended. According to MySQL 5.5.45+, 5.6.26+ and 5.7.6+ requirements SSL connection must be established by default if explicit option isn't set. For compliance with existing applications not using SSL the verifyServerCertificate property is set to 'false'. You need either to explicitly disable SSL by setting useSSL=false, or set useSSL=true and provide truststore for server certificate verification.
Fri Mar 16 14:20:19 CDT 2018 WARN: Establishing SSL connection without server's identity verification is not recommended. According to MySQL 5.5.45+, 5.6.26+ and 5.7.6+ requirements SSL connection must be established by default if explicit option isn't set. For compliance with existing applications not using SSL the verifyServerCertificate property is set to 'false'. You need either to explicitly disable SSL by setting useSSL=false, or set useSSL=true and provide truststore for server certificate verification.
Fri Mar 16 14:20:19 CDT 2018 WARN: Establishing SSL connection without server's identity verification is not recommended. According to MySQL 5.5.45+, 5.6.26+ and 5.7.6+ requirements SSL connection must be established by default if explicit option isn't set. For compliance with existing applications not using SSL the verifyServerCertificate property is set to 'false'. You need either to explicitly disable SSL by setting useSSL=false, or set useSSL=true and provide truststore for server certificate verification.
Fri Mar 16 14:20:19 CDT 2018 WARN: Establishing SSL connection without server's identity verification is not recommended. According to MySQL 5.5.45+, 5.6.26+ and 5.7.6+ requirements SSL connection must be established by default if explicit option isn't set. For compliance with existing applications not using SSL the verifyServerCertificate property is set to 'false'. You need either to explicitly disable SSL by setting useSSL=false, or set useSSL=true and provide truststore for server certificate verification.
Fri Mar 16 14:20:22 CDT 2018 WARN: Establishing SSL connection without server's identity verification is not recommended. According to MySQL 5.5.45+, 5.6.26+ and 5.7.6+ requirements SSL connection must be established by default if explicit option isn't set. For compliance with existing applications not using SSL the verifyServerCertificate property is set to 'false'. You need either to explicitly disable SSL by setting useSSL=false, or set useSSL=true and provide truststore for server certificate verification.
Fri Mar 16 14:20:22 CDT 2018 WARN: Establishing SSL connection without server's identity verification is not recommended. According to MySQL 5.5.45+, 5.6.26+ and 5.7.6+ requirements SSL connection must be established by default if explicit option isn't set. For compliance with existing applications not using SSL the verifyServerCertificate property is set to 'false'. You need either to explicitly disable SSL by setting useSSL=false, or set useSSL=true and provide truststore for server certificate verification.
Fri Mar 16 14:20:22 CDT 2018 WARN: Establishing SSL connection without server's identity verification is not recommended. According to MySQL 5.5.45+, 5.6.26+ and 5.7.6+ requirements SSL connection must be established by default if explicit option isn't set. For compliance with existing applications not using SSL the verifyServerCertificate property is set to 'false'. You need either to explicitly disable SSL by setting useSSL=false, or set useSSL=true and provide truststore for server certificate verification.
Fri Mar 16 14:20:22 CDT 2018 WARN: Establishing SSL connection without server's identity verification is not recommended. According to MySQL 5.5.45+, 5.6.26+ and 5.7.6+ requirements SSL connection must be established by default if explicit option isn't set. For compliance with existing applications not using SSL the verifyServerCertificate property is set to 'false'. You need either to explicitly disable SSL by setting useSSL=false, or set useSSL=true and provide truststore for server certificate verification.
Fri Mar 16 14:20:22 CDT 2018 WARN: Establishing SSL connection without server's identity verification is not recommended. According to MySQL 5.5.45+, 5.6.26+ and 5.7.6+ requirements SSL connection must be established by default if explicit option isn't set. For compliance with existing applications not using SSL the verifyServerCertificate property is set to 'false'. You need either to explicitly disable SSL by setting useSSL=false, or set useSSL=true and provide truststore for server certificate verification.
Fri Mar 16 14:20:22 CDT 2018 WARN: Establishing SSL connection without server's identity verification is not recommended. According to MySQL 5.5.45+, 5.6.26+ and 5.7.6+ requirements SSL connection must be established by default if explicit option isn't set. For compliance with existing applications not using SSL the verifyServerCertificate property is set to 'false'. You need either to explicitly disable SSL by setting useSSL=false, or set useSSL=true and provide truststore for server certificate verification.
[...]
Fri Mar 16 14:20:38 CDT 2018 WARN: Establishing SSL connection without server's identity verification is not recommended. According to MySQL 5.5.45+, 5.6.26+ and 5.7.6+ requirements SSL connection must be established by default if explicit option isn't set. For compliance with existing applications not using SSL the verifyServerCertificate property is set to 'false'. You need either to explicitly disable SSL by setting useSSL=false, or set useSSL=true and provide truststore for server certificate verification.
Fri Mar 16 14:20:38 CDT 2018 WARN: Establishing SSL connection without server's identity verification is not recommended. According to MySQL 5.5.45+, 5.6.26+ and 5.7.6+ requirements SSL connection must be established by default if explicit option isn't set. For compliance with existing applications not using SSL the verifyServerCertificate property is set to 'false'. You need either to explicitly disable SSL by setting useSSL=false, or set useSSL=true and provide truststore for server certificate verification.
Fri Mar 16 14:20:38 CDT 2018 WARN: Establishing SSL connection without server's identity verification is not recommended. According to MySQL 5.5.45+, 5.6.26+ and 5.7.6+ requirements SSL connection must be established by default if explicit option isn't set. For compliance with existing applications not using SSL the verifyServerCertificate property is set to 'false'. You need either to explicitly disable SSL by setting useSSL=false, or set useSSL=true and provide truststore for server certificate verification.
Fri Mar 16 14:20:38 CDT 2018 WARN: Establishing SSL connection without server's identity verification is not recommended. According to MySQL 5.5.45+, 5.6.26+ and 5.7.6+ requirements SSL connection must be established by default if explicit option isn't set. For compliance with existing applications not using SSL the verifyServerCertificate property is set to 'false'. You need either to explicitly disable SSL by setting useSSL=false, or set useSSL=true and provide truststore for server certificate verification.
Fri Mar 16 14:20:38 CDT 2018 WARN: Establishing SSL connection without server's identity verification is not recommended. According to MySQL 5.5.45+, 5.6.26+ and 5.7.6+ requirements SSL connection must be established by default if explicit option isn't set. For compliance with existing applications not using SSL the verifyServerCertificate property is set to 'false'. You need either to explicitly disable SSL by setting useSSL=false, or set useSSL=true and provide truststore for server certificate verification.
Fri Mar 16 14:20:38 CDT 2018 WARN: Establishing SSL connection without server's identity verification is not recommended. According to MySQL 5.5.45+, 5.6.26+ and 5.7.6+ requirements SSL connection must be established by default if explicit option isn't set. For compliance with existing applications not using SSL the verifyServerCertificate property is set to 'false'. You need either to explicitly disable SSL by setting useSSL=false, or set useSSL=true and provide truststore for server certificate verification.
Fri Mar 16 14:20:38 CDT 2018 WARN: Establishing SSL connection without server's identity verification is not recommended. According to MySQL 5.5.45+, 5.6.26+ and 5.7.6+ requirements SSL connection must be established by default if explicit option isn't set. For compliance with existing applications not using SSL the verifyServerCertificate property is set to 'false'. You need either to explicitly disable SSL by setting useSSL=false, or set useSSL=true and provide truststore for server certificate verification.
Fri Mar 16 14:20:38 CDT 2018 WARN: Establishing SSL connection without server's identity verification is not recommended. According to MySQL 5.5.45+, 5.6.26+ and 5.7.6+ requirements SSL connection must be established by default if explicit option isn't set. For compliance with existing applications not using SSL the verifyServerCertificate property is set to 'false'. You need either to explicitly disable SSL by setting useSSL=false, or set useSSL=true and provide truststore for server certificate verification.
Fri Mar 16 14:20:40 CDT 2018 WARN: Establishing SSL connection without server's identity verification is not recommended. According to MySQL 5.5.45+, 5.6.26+ and 5.7.6+ requirements SSL connection must be established by default if explicit option isn't set. For compliance with existing applications not using SSL the verifyServerCertificate property is set to 'false'. You need either to explicitly disable SSL by setting useSSL=false, or set useSSL=true and provide truststore for server certificate verification.
Fri Mar 16 14:20:40 CDT 2018 WARN: Establishing SSL connection without server's identity verification is not recommended. According to MySQL 5.5.45+, 5.6.26+ and 5.7.6+ requirements SSL connection must be established by default if explicit option isn't set. For compliance with existing applications not using SSL the verifyServerCertificate property is set to 'false'. You need either to explicitly disable SSL by setting useSSL=false, or set useSSL=true and provide truststore for server certificate verification.
Fri Mar 16 14:20:40 CDT 2018 WARN: Establishing SSL connection without server's identity verification is not recommended. According to MySQL 5.5.45+, 5.6.26+ and 5.7.6+ requirements SSL connection must be established by default if explicit option isn't set. For compliance with existing applications not using SSL the verifyServerCertificate property is set to 'false'. You need either to explicitly disable SSL by setting useSSL=false, or set useSSL=true and provide truststore for server certificate verification.
Fri Mar 16 14:20:40 CDT 2018 WARN: Establishing SSL connection without server's identity verification is not recommended. According to MySQL 5.5.45+, 5.6.26+ and 5.7.6+ requirements SSL connection must be established by default if explicit option isn't set. For compliance with existing applications not using SSL the verifyServerCertificate property is set to 'false'. You need either to explicitly disable SSL by setting useSSL=false, or set useSSL=true and provide truststore for server certificate verification.
Fri Mar 16 14:20:40 CDT 2018 WARN: Establishing SSL connection without server's identity verification is not recommended. According to MySQL 5.5.45+, 5.6.26+ and 5.7.6+ requirements SSL connection must be established by default if explicit option isn't set. For compliance with existing applications not using SSL the verifyServerCertificate property is set to 'false'. You need either to explicitly disable SSL by setting useSSL=false, or set useSSL=true and provide truststore for server certificate verification.
Fri Mar 16 14:20:40 CDT 2018 WARN: Establishing SSL connection without server's identity verification is not recommended. According to MySQL 5.5.45+, 5.6.26+ and 5.7.6+ requirements SSL connection must be established by default if explicit option isn't set. For compliance with existing applications not using SSL the verifyServerCertificate property is set to 'false'. You need either to explicitly disable SSL by setting useSSL=false, or set useSSL=true and provide truststore for server certificate verification.
Fri Mar 16 14:20:40 CDT 2018 WARN: Establishing SSL connection without server's identity verification is not recommended. According to MySQL 5.5.45+, 5.6.26+ and 5.7.6+ requirements SSL connection must be established by default if explicit option isn't set. For compliance with existing applications not using SSL the verifyServerCertificate property is set to 'false'. You need either to explicitly disable SSL by setting useSSL=false, or set useSSL=true and provide truststore for server certificate verification.
Fri Mar 16 14:20:40 CDT 2018 WARN: Establishing SSL connection without server's identity verification is not recommended. According to MySQL 5.5.45+, 5.6.26+ and 5.7.6+ requirements SSL connection must be established by default if explicit option isn't set. For compliance with existing applications not using SSL the verifyServerCertificate property is set to 'false'. You need either to explicitly disable SSL by setting useSSL=false, or set useSSL=true and provide truststore for server certificate verification.
Fri Mar 16 14:20:40 CDT 2018 WARN: Establishing SSL connection without server's identity verification is not recommended. According to MySQL 5.5.45+, 5.6.26+ and 5.7.6+ requirements SSL connection must be established by default if explicit option isn't set. For compliance with existing applications not using SSL the verifyServerCertificate property is set to 'false'. You need either to explicitly disable SSL by setting useSSL=false, or set useSSL=true and provide truststore for server certificate verification.
Fri Mar 16 14:20:40 CDT 2018 WARN: Establishing SSL connection without server's identity verification is not recommended. According to MySQL 5.5.45+, 5.6.26+ and 5.7.6+ requirements SSL connection must be established by default if explicit option isn't set. For compliance with existing applications not using SSL the verifyServerCertificate property is set to 'false'. You need either to explicitly disable SSL by setting useSSL=false, or set useSSL=true and provide truststore for server certificate verification.
Fri Mar 16 14:20:43 CDT 2018 WARN: Establishing SSL connection without server's identity verification is not recommended. According to MySQL 5.5.45+, 5.6.26+ and 5.7.6+ requirements SSL connection must be established by default if explicit option isn't set. For compliance with existing applications not using SSL the verifyServerCertificate property is set to 'false'. You need either to explicitly disable SSL by setting useSSL=false, or set useSSL=true and provide truststore for server certificate verification.
Fri Mar 16 14:20:43 CDT 2018 WARN: Establishing SSL connection without server's identity verification is not recommended. According to MySQL 5.5.45+, 5.6.26+ and 5.7.6+ requirements SSL connection must be established by default if explicit option isn't set. For compliance with existing applications not using SSL the verifyServerCertificate property is set to 'false'. You need either to explicitly disable SSL by setting useSSL=false, or set useSSL=true and provide truststore for server certificate verification.
Fri Mar 16 14:20:43 CDT 2018 WARN: Establishing SSL connection without server's identity verification is not recommended. According to MySQL 5.5.45+, 5.6.26+ and 5.7.6+ requirements SSL connection must be established by default if explicit option isn't set. For compliance with existing applications not using SSL the verifyServerCertificate property is set to 'false'. You need either to explicitly disable SSL by setting useSSL=false, or set useSSL=true and provide truststore for server certificate verification.
Fri Mar 16 14:20:43 CDT 2018 WARN: Establishing SSL connection without server's identity verification is not recommended. According to MySQL 5.5.45+, 5.6.26+ and 5.7.6+ requirements SSL connection must be established by default if explicit option isn't set. For compliance with existing applications not using SSL the verifyServerCertificate property is set to 'false'. You need either to explicitly disable SSL by setting useSSL=false, or set useSSL=true and provide truststore for server certificate verification.
Fri Mar 16 14:20:43 CDT 2018 WARN: Establishing SSL connection without server's identity verification is not recommended. According to MySQL 5.5.45+, 5.6.26+ and 5.7.6+ requirements SSL connection must be established by default if explicit option isn't set. For compliance with existing applications not using SSL the verifyServerCertificate property is set to 'false'. You need either to explicitly disable SSL by setting useSSL=false, or set useSSL=true and provide truststore for server certificate verification.
Fri Mar 16 14:20:43 CDT 2018 WARN: Establishing SSL connection without server's identity verification is not recommended. According to MySQL 5.5.45+, 5.6.26+ and 5.7.6+ requirements SSL connection must be established by default if explicit option isn't set. For compliance with existing applications not using SSL the verifyServerCertificate property is set to 'false'. You need either to explicitly disable SSL by setting useSSL=false, or set useSSL=true and provide truststore for server certificate verification.
Fri Mar 16 14:20:43 CDT 2018 WARN: Establishing SSL connection without server's identity verification is not recommended. According to MySQL 5.5.45+, 5.6.26+ and 5.7.6+ requirements SSL connection must be established by default if explicit option isn't set. For compliance with existing applications not using SSL the verifyServerCertificate property is set to 'false'. You need either to explicitly disable SSL by setting useSSL=false, or set useSSL=true and provide truststore for server certificate verification.
Fri Mar 16 14:20:43 CDT 2018 WARN: Establishing SSL connection without server's identity verification is not recommended. According to MySQL 5.5.45+, 5.6.26+ and 5.7.6+ requirements SSL connection must be established by default if explicit option isn't set. For compliance with existing applications not using SSL the verifyServerCertificate property is set to 'false'. You need either to explicitly disable SSL by setting useSSL=false, or set useSSL=true and provide truststore for server certificate verification.
Fri Mar 16 14:20:43 CDT 2018 WARN: Establishing SSL connection without server's identity verification is not recommended. According to MySQL 5.5.45+, 5.6.26+ and 5.7.6+ requirements SSL connection must be established by default if explicit option isn't set. For compliance with existing applications not using SSL the verifyServerCertificate property is set to 'false'. You need either to explicitly disable SSL by setting useSSL=false, or set useSSL=true and provide truststore for server certificate verification.
Fri Mar 16 14:20:43 CDT 2018 WARN: Establishing SSL connection without server's identity verification is not recommended. According to MySQL 5.5.45+, 5.6.26+ and 5.7.6+ requirements SSL connection must be established by default if explicit option isn't set. For compliance with existing applications not using SSL the verifyServerCertificate property is set to 'false'. You need either to explicitly disable SSL by setting useSSL=false, or set useSSL=true and provide truststore for server certificate verification.
Fri Mar 16 14:20:46 CDT 2018 WARN: Establishing SSL connection without server's identity verification is not recommended. According to MySQL 5.5.45+, 5.6.26+ and 5.7.6+ requirements SSL connection must be established by default if explicit option isn't set. For compliance with existing applications not using SSL the verifyServerCertificate property is set to 'false'. You need either to explicitly disable SSL by setting useSSL=false, or set useSSL=true and provide truststore for server certificate verification.
Fri Mar 16 14:20:46 CDT 2018 WARN: Establishing SSL connection without server's identity verification is not recommended. According to MySQL 5.5.45+, 5.6.26+ and 5.7.6+ requirements SSL connection must be established by default if explicit option isn't set. For compliance with existing applications not using SSL the verifyServerCertificate property is set to 'false'. You need either to explicitly disable SSL by setting useSSL=false, or set useSSL=true and provide truststore for server certificate verification.
Fri Mar 16 14:20:46 CDT 2018 WARN: Establishing SSL connection without server's identity verification is not recommended. According to MySQL 5.5.45+, 5.6.26+ and 5.7.6+ requirements SSL connection must be established by default if explicit option isn't set. For compliance with existing applications not using SSL the verifyServerCertificate property is set to 'false'. You need either to explicitly disable SSL by setting useSSL=false, or set useSSL=true and provide truststore for server certificate verification.
Fri Mar 16 14:20:46 CDT 2018 WARN: Establishing SSL connection without server's identity verification is not recommended. According to MySQL 5.5.45+, 5.6.26+ and 5.7.6+ requirements SSL connection must be established by default if explicit option isn't set. For compliance with existing applications not using SSL the verifyServerCertificate property is set to 'false'. You need either to explicitly disable SSL by setting useSSL=false, or set useSSL=true and provide truststore for server certificate verification.
Fri Mar 16 14:20:46 CDT 2018 WARN: Establishing SSL connection without server's identity verification is not recommended. According to MySQL 5.5.45+, 5.6.26+ and 5.7.6+ requirements SSL connection must be established by default if explicit option isn't set. For compliance with existing applications not using SSL the verifyServerCertificate property is set to 'false'. You need either to explicitly disable SSL by setting useSSL=false, or set useSSL=true and provide truststore for server certificate verification.
Fri Mar 16 14:20:46 CDT 2018 WARN: Establishing SSL connection without server's identity verification is not recommended. According to MySQL 5.5.45+, 5.6.26+ and 5.7.6+ requirements SSL connection must be established by default if explicit option isn't set. For compliance with existing applications not using SSL the verifyServerCertificate property is set to 'false'. You need either to explicitly disable SSL by setting useSSL=false, or set useSSL=true and provide truststore for server certificate verification.
Fri Mar 16 14:20:46 CDT 2018 WARN: Establishing SSL connection without server's identity verification is not recommended. According to MySQL 5.5.45+, 5.6.26+ and 5.7.6+ requirements SSL connection must be established by default if explicit option isn't set. For compliance with existing applications not using SSL the verifyServerCertificate property is set to 'false'. You need either to explicitly disable SSL by setting useSSL=false, or set useSSL=true and provide truststore for server certificate verification.
Fri Mar 16 14:20:46 CDT 2018 WARN: Establishing SSL connection without server's identity verification is not recommended. According to MySQL 5.5.45+, 5.6.26+ and 5.7.6+ requirements SSL connection must be established by default if explicit option isn't set. For compliance with existing applications not using SSL the verifyServerCertificate property is set to 'false'. You need either to explicitly disable SSL by setting useSSL=false, or set useSSL=true and provide truststore for server certificate verification.
Fri Mar 16 14:20:46 CDT 2018 WARN: Establishing SSL connection without server's identity verification is not recommended. According to MySQL 5.5.45+, 5.6.26+ and 5.7.6+ requirements SSL connection must be established by default if explicit option isn't set. For compliance with existing applications not using SSL the verifyServerCertificate property is set to 'false'. You need either to explicitly disable SSL by setting useSSL=false, or set useSSL=true and provide truststore for server certificate verification.
Fri Mar 16 14:20:46 CDT 2018 WARN: Establishing SSL connection without server's identity verification is not recommended. According to MySQL 5.5.45+, 5.6.26+ and 5.7.6+ requirements SSL connection must be established by default if explicit option isn't set. For compliance with existing applications not using SSL the verifyServerCertificate property is set to 'false'. You need either to explicitly disable SSL by setting useSSL=false, or set useSSL=true and provide truststore for server certificate verification.
]]></system-err>
</testsuite>
